{"timestamp":"2026-03-04T08:15:55.995834Z","level":"info","event":"Filling up the DagBag from /opt/airflow/dags/sftp_unidirectional_sync_dag.py","logger":"airflow.models.dagbag.BundleDagBag","filename":"dagbag.py","lineno":593}
{"timestamp":"2026-03-04T08:15:56.021522Z","level":"warning","event":"The `airflow.decorators.dag` attribute is deprecated. Please use `'airflow.sdk.dag'`.","category":"DeprecatedImportWarning","filename":"/opt/airflow/dags/sftp_unidirectional_sync_dag.py","lineno":9,"logger":"py.warnings"}
{"timestamp":"2026-03-04T08:15:56.021608Z","level":"warning","event":"The `airflow.decorators.task` attribute is deprecated. Please use `'airflow.sdk.task'`.","category":"DeprecatedImportWarning","filename":"/opt/airflow/dags/sftp_unidirectional_sync_dag.py","lineno":9,"logger":"py.warnings"}
{"timestamp":"2026-03-04T08:15:56.021639Z","level":"warning","event":"The `airflow.operators.python.get_current_context` attribute is deprecated. Please use `'airflow.sdk.get_current_context'`.","category":"DeprecatedImportWarning","filename":"/opt/airflow/dags/sftp_unidirectional_sync_dag.py","lineno":11,"logger":"py.warnings"}
{"timestamp":"2026-03-04T08:15:56.021662Z","level":"warning","event":"The `airflow.utils.trigger_rule.TriggerRule` attribute is deprecated. Please use `'airflow.task.trigger_rule.TriggerRule'`.","category":"DeprecatedImportWarning","filename":"/opt/airflow/dags/sftp_unidirectional_sync_dag.py","lineno":12,"logger":"py.warnings"}
{"timestamp":"2026-03-04T08:16:26.414189Z","level":"info","event":"Filling up the DagBag from /opt/airflow/dags/sftp_unidirectional_sync_dag.py","logger":"airflow.models.dagbag.BundleDagBag","filename":"dagbag.py","lineno":593}
{"timestamp":"2026-03-04T08:16:26.429086Z","level":"warning","event":"The `airflow.decorators.dag` attribute is deprecated. Please use `'airflow.sdk.dag'`.","category":"DeprecatedImportWarning","filename":"/opt/airflow/dags/sftp_unidirectional_sync_dag.py","lineno":9,"logger":"py.warnings"}
{"timestamp":"2026-03-04T08:16:26.429175Z","level":"warning","event":"The `airflow.decorators.task` attribute is deprecated. Please use `'airflow.sdk.task'`.","category":"DeprecatedImportWarning","filename":"/opt/airflow/dags/sftp_unidirectional_sync_dag.py","lineno":9,"logger":"py.warnings"}
{"timestamp":"2026-03-04T08:16:26.429207Z","level":"warning","event":"The `airflow.operators.python.get_current_context` attribute is deprecated. Please use `'airflow.sdk.get_current_context'`.","category":"DeprecatedImportWarning","filename":"/opt/airflow/dags/sftp_unidirectional_sync_dag.py","lineno":11,"logger":"py.warnings"}
{"timestamp":"2026-03-04T08:16:26.429232Z","level":"warning","event":"The `airflow.utils.trigger_rule.TriggerRule` attribute is deprecated. Please use `'airflow.task.trigger_rule.TriggerRule'`.","category":"DeprecatedImportWarning","filename":"/opt/airflow/dags/sftp_unidirectional_sync_dag.py","lineno":12,"logger":"py.warnings"}
{"timestamp":"2026-03-04T08:16:56.781244Z","level":"info","event":"Filling up the DagBag from /opt/airflow/dags/sftp_unidirectional_sync_dag.py","logger":"airflow.models.dagbag.BundleDagBag","filename":"dagbag.py","lineno":593}
{"timestamp":"2026-03-04T08:16:56.796159Z","level":"warning","event":"The `airflow.decorators.dag` attribute is deprecated. Please use `'airflow.sdk.dag'`.","category":"DeprecatedImportWarning","filename":"/opt/airflow/dags/sftp_unidirectional_sync_dag.py","lineno":9,"logger":"py.warnings"}
{"timestamp":"2026-03-04T08:16:56.796231Z","level":"warning","event":"The `airflow.decorators.task` attribute is deprecated. Please use `'airflow.sdk.task'`.","category":"DeprecatedImportWarning","filename":"/opt/airflow/dags/sftp_unidirectional_sync_dag.py","lineno":9,"logger":"py.warnings"}
{"timestamp":"2026-03-04T08:16:56.796264Z","level":"warning","event":"The `airflow.operators.python.get_current_context` attribute is deprecated. Please use `'airflow.sdk.get_current_context'`.","category":"DeprecatedImportWarning","filename":"/opt/airflow/dags/sftp_unidirectional_sync_dag.py","lineno":11,"logger":"py.warnings"}
{"timestamp":"2026-03-04T08:16:56.796292Z","level":"warning","event":"The `airflow.utils.trigger_rule.TriggerRule` attribute is deprecated. Please use `'airflow.task.trigger_rule.TriggerRule'`.","category":"DeprecatedImportWarning","filename":"/opt/airflow/dags/sftp_unidirectional_sync_dag.py","lineno":12,"logger":"py.warnings"}
{"timestamp":"2026-03-04T08:17:27.140508Z","level":"info","event":"Filling up the DagBag from /opt/airflow/dags/sftp_unidirectional_sync_dag.py","logger":"airflow.models.dagbag.BundleDagBag","filename":"dagbag.py","lineno":593}
{"timestamp":"2026-03-04T08:17:27.156405Z","level":"warning","event":"The `airflow.decorators.dag` attribute is deprecated. Please use `'airflow.sdk.dag'`.","category":"DeprecatedImportWarning","filename":"/opt/airflow/dags/sftp_unidirectional_sync_dag.py","lineno":9,"logger":"py.warnings"}
{"timestamp":"2026-03-04T08:17:27.156482Z","level":"warning","event":"The `airflow.decorators.task` attribute is deprecated. Please use `'airflow.sdk.task'`.","category":"DeprecatedImportWarning","filename":"/opt/airflow/dags/sftp_unidirectional_sync_dag.py","lineno":9,"logger":"py.warnings"}
{"timestamp":"2026-03-04T08:17:27.156513Z","level":"warning","event":"The `airflow.operators.python.get_current_context` attribute is deprecated. Please use `'airflow.sdk.get_current_context'`.","category":"DeprecatedImportWarning","filename":"/opt/airflow/dags/sftp_unidirectional_sync_dag.py","lineno":11,"logger":"py.warnings"}
{"timestamp":"2026-03-04T08:17:27.156539Z","level":"warning","event":"The `airflow.utils.trigger_rule.TriggerRule` attribute is deprecated. Please use `'airflow.task.trigger_rule.TriggerRule'`.","category":"DeprecatedImportWarning","filename":"/opt/airflow/dags/sftp_unidirectional_sync_dag.py","lineno":12,"logger":"py.warnings"}
{"timestamp":"2026-03-04T08:17:57.495807Z","level":"info","event":"Filling up the DagBag from /opt/airflow/dags/sftp_unidirectional_sync_dag.py","logger":"airflow.models.dagbag.BundleDagBag","filename":"dagbag.py","lineno":593}
{"timestamp":"2026-03-04T08:17:57.511385Z","level":"warning","event":"The `airflow.decorators.dag` attribute is deprecated. Please use `'airflow.sdk.dag'`.","category":"DeprecatedImportWarning","filename":"/opt/airflow/dags/sftp_unidirectional_sync_dag.py","lineno":9,"logger":"py.warnings"}
{"timestamp":"2026-03-04T08:17:57.511453Z","level":"warning","event":"The `airflow.decorators.task` attribute is deprecated. Please use `'airflow.sdk.task'`.","category":"DeprecatedImportWarning","filename":"/opt/airflow/dags/sftp_unidirectional_sync_dag.py","lineno":9,"logger":"py.warnings"}
{"timestamp":"2026-03-04T08:17:57.511486Z","level":"warning","event":"The `airflow.operators.python.get_current_context` attribute is deprecated. Please use `'airflow.sdk.get_current_context'`.","category":"DeprecatedImportWarning","filename":"/opt/airflow/dags/sftp_unidirectional_sync_dag.py","lineno":11,"logger":"py.warnings"}
{"timestamp":"2026-03-04T08:17:57.511515Z","level":"warning","event":"The `airflow.utils.trigger_rule.TriggerRule` attribute is deprecated. Please use `'airflow.task.trigger_rule.TriggerRule'`.","category":"DeprecatedImportWarning","filename":"/opt/airflow/dags/sftp_unidirectional_sync_dag.py","lineno":12,"logger":"py.warnings"}
{"timestamp":"2026-03-04T08:18:27.871451Z","level":"info","event":"Filling up the DagBag from /opt/airflow/dags/sftp_unidirectional_sync_dag.py","logger":"airflow.models.dagbag.BundleDagBag","filename":"dagbag.py","lineno":593}
{"timestamp":"2026-03-04T08:18:27.883370Z","level":"warning","event":"The `airflow.decorators.dag` attribute is deprecated. Please use `'airflow.sdk.dag'`.","category":"DeprecatedImportWarning","filename":"/opt/airflow/dags/sftp_unidirectional_sync_dag.py","lineno":9,"logger":"py.warnings"}
{"timestamp":"2026-03-04T08:18:27.883449Z","level":"warning","event":"The `airflow.decorators.task` attribute is deprecated. Please use `'airflow.sdk.task'`.","category":"DeprecatedImportWarning","filename":"/opt/airflow/dags/sftp_unidirectional_sync_dag.py","lineno":9,"logger":"py.warnings"}
{"timestamp":"2026-03-04T08:18:27.883484Z","level":"warning","event":"The `airflow.operators.python.get_current_context` attribute is deprecated. Please use `'airflow.sdk.get_current_context'`.","category":"DeprecatedImportWarning","filename":"/opt/airflow/dags/sftp_unidirectional_sync_dag.py","lineno":11,"logger":"py.warnings"}
{"timestamp":"2026-03-04T08:18:27.883513Z","level":"warning","event":"The `airflow.utils.trigger_rule.TriggerRule` attribute is deprecated. Please use `'airflow.task.trigger_rule.TriggerRule'`.","category":"DeprecatedImportWarning","filename":"/opt/airflow/dags/sftp_unidirectional_sync_dag.py","lineno":12,"logger":"py.warnings"}
{"timestamp":"2026-03-04T08:18:58.224351Z","level":"info","event":"Filling up the DagBag from /opt/airflow/dags/sftp_unidirectional_sync_dag.py","logger":"airflow.models.dagbag.BundleDagBag","filename":"dagbag.py","lineno":593}
{"timestamp":"2026-03-04T08:18:58.234166Z","level":"warning","event":"The `airflow.decorators.dag` attribute is deprecated. Please use `'airflow.sdk.dag'`.","category":"DeprecatedImportWarning","filename":"/opt/airflow/dags/sftp_unidirectional_sync_dag.py","lineno":9,"logger":"py.warnings"}
{"timestamp":"2026-03-04T08:18:58.234229Z","level":"warning","event":"The `airflow.decorators.task` attribute is deprecated. Please use `'airflow.sdk.task'`.","category":"DeprecatedImportWarning","filename":"/opt/airflow/dags/sftp_unidirectional_sync_dag.py","lineno":9,"logger":"py.warnings"}
{"timestamp":"2026-03-04T08:18:58.234260Z","level":"warning","event":"The `airflow.operators.python.get_current_context` attribute is deprecated. Please use `'airflow.sdk.get_current_context'`.","category":"DeprecatedImportWarning","filename":"/opt/airflow/dags/sftp_unidirectional_sync_dag.py","lineno":11,"logger":"py.warnings"}
{"timestamp":"2026-03-04T08:18:58.234288Z","level":"warning","event":"The `airflow.utils.trigger_rule.TriggerRule` attribute is deprecated. Please use `'airflow.task.trigger_rule.TriggerRule'`.","category":"DeprecatedImportWarning","filename":"/opt/airflow/dags/sftp_unidirectional_sync_dag.py","lineno":12,"logger":"py.warnings"}
{"timestamp":"2026-03-04T08:19:28.575314Z","level":"info","event":"Filling up the DagBag from /opt/airflow/dags/sftp_unidirectional_sync_dag.py","logger":"airflow.models.dagbag.BundleDagBag","filename":"dagbag.py","lineno":593}
{"timestamp":"2026-03-04T08:19:28.586479Z","level":"warning","event":"The `airflow.decorators.dag` attribute is deprecated. Please use `'airflow.sdk.dag'`.","category":"DeprecatedImportWarning","filename":"/opt/airflow/dags/sftp_unidirectional_sync_dag.py","lineno":9,"logger":"py.warnings"}
{"timestamp":"2026-03-04T08:19:28.586553Z","level":"warning","event":"The `airflow.decorators.task` attribute is deprecated. Please use `'airflow.sdk.task'`.","category":"DeprecatedImportWarning","filename":"/opt/airflow/dags/sftp_unidirectional_sync_dag.py","lineno":9,"logger":"py.warnings"}
{"timestamp":"2026-03-04T08:19:28.586589Z","level":"warning","event":"The `airflow.operators.python.get_current_context` attribute is deprecated. Please use `'airflow.sdk.get_current_context'`.","category":"DeprecatedImportWarning","filename":"/opt/airflow/dags/sftp_unidirectional_sync_dag.py","lineno":11,"logger":"py.warnings"}
{"timestamp":"2026-03-04T08:19:28.586619Z","level":"warning","event":"The `airflow.utils.trigger_rule.TriggerRule` attribute is deprecated. Please use `'airflow.task.trigger_rule.TriggerRule'`.","category":"DeprecatedImportWarning","filename":"/opt/airflow/dags/sftp_unidirectional_sync_dag.py","lineno":12,"logger":"py.warnings"}
{"timestamp":"2026-03-04T08:19:58.918567Z","level":"info","event":"Filling up the DagBag from /opt/airflow/dags/sftp_unidirectional_sync_dag.py","logger":"airflow.models.dagbag.BundleDagBag","filename":"dagbag.py","lineno":593}
{"timestamp":"2026-03-04T08:19:58.931255Z","level":"warning","event":"The `airflow.decorators.dag` attribute is deprecated. Please use `'airflow.sdk.dag'`.","category":"DeprecatedImportWarning","filename":"/opt/airflow/dags/sftp_unidirectional_sync_dag.py","lineno":9,"logger":"py.warnings"}
{"timestamp":"2026-03-04T08:19:58.931355Z","level":"warning","event":"The `airflow.decorators.task` attribute is deprecated. Please use `'airflow.sdk.task'`.","category":"DeprecatedImportWarning","filename":"/opt/airflow/dags/sftp_unidirectional_sync_dag.py","lineno":9,"logger":"py.warnings"}
{"timestamp":"2026-03-04T08:19:58.931393Z","level":"warning","event":"The `airflow.operators.python.get_current_context` attribute is deprecated. Please use `'airflow.sdk.get_current_context'`.","category":"DeprecatedImportWarning","filename":"/opt/airflow/dags/sftp_unidirectional_sync_dag.py","lineno":11,"logger":"py.warnings"}
{"timestamp":"2026-03-04T08:19:58.931422Z","level":"warning","event":"The `airflow.utils.trigger_rule.TriggerRule` attribute is deprecated. Please use `'airflow.task.trigger_rule.TriggerRule'`.","category":"DeprecatedImportWarning","filename":"/opt/airflow/dags/sftp_unidirectional_sync_dag.py","lineno":12,"logger":"py.warnings"}
{"timestamp":"2026-03-04T08:20:29.277866Z","level":"info","event":"Filling up the DagBag from /opt/airflow/dags/sftp_unidirectional_sync_dag.py","logger":"airflow.models.dagbag.BundleDagBag","filename":"dagbag.py","lineno":593}
{"timestamp":"2026-03-04T08:20:29.293728Z","level":"warning","event":"The `airflow.decorators.dag` attribute is deprecated. Please use `'airflow.sdk.dag'`.","category":"DeprecatedImportWarning","filename":"/opt/airflow/dags/sftp_unidirectional_sync_dag.py","lineno":9,"logger":"py.warnings"}
{"timestamp":"2026-03-04T08:20:29.293829Z","level":"warning","event":"The `airflow.decorators.task` attribute is deprecated. Please use `'airflow.sdk.task'`.","category":"DeprecatedImportWarning","filename":"/opt/airflow/dags/sftp_unidirectional_sync_dag.py","lineno":9,"logger":"py.warnings"}
{"timestamp":"2026-03-04T08:20:29.293859Z","level":"warning","event":"The `airflow.operators.python.get_current_context` attribute is deprecated. Please use `'airflow.sdk.get_current_context'`.","category":"DeprecatedImportWarning","filename":"/opt/airflow/dags/sftp_unidirectional_sync_dag.py","lineno":11,"logger":"py.warnings"}
{"timestamp":"2026-03-04T08:20:29.293885Z","level":"warning","event":"The `airflow.utils.trigger_rule.TriggerRule` attribute is deprecated. Please use `'airflow.task.trigger_rule.TriggerRule'`.","category":"DeprecatedImportWarning","filename":"/opt/airflow/dags/sftp_unidirectional_sync_dag.py","lineno":12,"logger":"py.warnings"}
{"timestamp":"2026-03-04T08:20:59.681648Z","level":"info","event":"Filling up the DagBag from /opt/airflow/dags/sftp_unidirectional_sync_dag.py","logger":"airflow.models.dagbag.BundleDagBag","filename":"dagbag.py","lineno":593}
{"timestamp":"2026-03-04T08:20:59.694526Z","level":"warning","event":"The `airflow.decorators.dag` attribute is deprecated. Please use `'airflow.sdk.dag'`.","category":"DeprecatedImportWarning","filename":"/opt/airflow/dags/sftp_unidirectional_sync_dag.py","lineno":9,"logger":"py.warnings"}
{"timestamp":"2026-03-04T08:20:59.694599Z","level":"warning","event":"The `airflow.decorators.task` attribute is deprecated. Please use `'airflow.sdk.task'`.","category":"DeprecatedImportWarning","filename":"/opt/airflow/dags/sftp_unidirectional_sync_dag.py","lineno":9,"logger":"py.warnings"}
{"timestamp":"2026-03-04T08:20:59.694630Z","level":"warning","event":"The `airflow.operators.python.get_current_context` attribute is deprecated. Please use `'airflow.sdk.get_current_context'`.","category":"DeprecatedImportWarning","filename":"/opt/airflow/dags/sftp_unidirectional_sync_dag.py","lineno":11,"logger":"py.warnings"}
{"timestamp":"2026-03-04T08:20:59.694657Z","level":"warning","event":"The `airflow.utils.trigger_rule.TriggerRule` attribute is deprecated. Please use `'airflow.task.trigger_rule.TriggerRule'`.","category":"DeprecatedImportWarning","filename":"/opt/airflow/dags/sftp_unidirectional_sync_dag.py","lineno":12,"logger":"py.warnings"}
{"timestamp":"2026-03-04T08:21:30.054579Z","level":"info","event":"Filling up the DagBag from /opt/airflow/dags/sftp_unidirectional_sync_dag.py","logger":"airflow.models.dagbag.BundleDagBag","filename":"dagbag.py","lineno":593}
{"timestamp":"2026-03-04T08:21:30.065752Z","level":"warning","event":"The `airflow.decorators.dag` attribute is deprecated. Please use `'airflow.sdk.dag'`.","category":"DeprecatedImportWarning","filename":"/opt/airflow/dags/sftp_unidirectional_sync_dag.py","lineno":9,"logger":"py.warnings"}
{"timestamp":"2026-03-04T08:21:30.065821Z","level":"warning","event":"The `airflow.decorators.task` attribute is deprecated. Please use `'airflow.sdk.task'`.","category":"DeprecatedImportWarning","filename":"/opt/airflow/dags/sftp_unidirectional_sync_dag.py","lineno":9,"logger":"py.warnings"}
{"timestamp":"2026-03-04T08:21:30.065855Z","level":"warning","event":"The `airflow.operators.python.get_current_context` attribute is deprecated. Please use `'airflow.sdk.get_current_context'`.","category":"DeprecatedImportWarning","filename":"/opt/airflow/dags/sftp_unidirectional_sync_dag.py","lineno":11,"logger":"py.warnings"}
{"timestamp":"2026-03-04T08:21:30.065882Z","level":"warning","event":"The `airflow.utils.trigger_rule.TriggerRule` attribute is deprecated. Please use `'airflow.task.trigger_rule.TriggerRule'`.","category":"DeprecatedImportWarning","filename":"/opt/airflow/dags/sftp_unidirectional_sync_dag.py","lineno":12,"logger":"py.warnings"}
{"timestamp":"2026-03-04T08:22:00.422968Z","level":"info","event":"Filling up the DagBag from /opt/airflow/dags/sftp_unidirectional_sync_dag.py","logger":"airflow.models.dagbag.BundleDagBag","filename":"dagbag.py","lineno":593}
{"timestamp":"2026-03-04T08:22:00.435760Z","level":"warning","event":"The `airflow.decorators.dag` attribute is deprecated. Please use `'airflow.sdk.dag'`.","category":"DeprecatedImportWarning","filename":"/opt/airflow/dags/sftp_unidirectional_sync_dag.py","lineno":9,"logger":"py.warnings"}
{"timestamp":"2026-03-04T08:22:00.435821Z","level":"warning","event":"The `airflow.decorators.task` attribute is deprecated. Please use `'airflow.sdk.task'`.","category":"DeprecatedImportWarning","filename":"/opt/airflow/dags/sftp_unidirectional_sync_dag.py","lineno":9,"logger":"py.warnings"}
{"timestamp":"2026-03-04T08:22:00.435853Z","level":"warning","event":"The `airflow.operators.python.get_current_context` attribute is deprecated. Please use `'airflow.sdk.get_current_context'`.","category":"DeprecatedImportWarning","filename":"/opt/airflow/dags/sftp_unidirectional_sync_dag.py","lineno":11,"logger":"py.warnings"}
{"timestamp":"2026-03-04T08:22:00.435880Z","level":"warning","event":"The `airflow.utils.trigger_rule.TriggerRule` attribute is deprecated. Please use `'airflow.task.trigger_rule.TriggerRule'`.","category":"DeprecatedImportWarning","filename":"/opt/airflow/dags/sftp_unidirectional_sync_dag.py","lineno":12,"logger":"py.warnings"}
{"timestamp":"2026-03-04T08:22:30.815248Z","level":"info","event":"Filling up the DagBag from /opt/airflow/dags/sftp_unidirectional_sync_dag.py","logger":"airflow.models.dagbag.BundleDagBag","filename":"dagbag.py","lineno":593}
{"timestamp":"2026-03-04T08:22:30.827730Z","level":"warning","event":"The `airflow.decorators.dag` attribute is deprecated. Please use `'airflow.sdk.dag'`.","category":"DeprecatedImportWarning","filename":"/opt/airflow/dags/sftp_unidirectional_sync_dag.py","lineno":9,"logger":"py.warnings"}
{"timestamp":"2026-03-04T08:22:30.827802Z","level":"warning","event":"The `airflow.decorators.task` attribute is deprecated. Please use `'airflow.sdk.task'`.","category":"DeprecatedImportWarning","filename":"/opt/airflow/dags/sftp_unidirectional_sync_dag.py","lineno":9,"logger":"py.warnings"}
{"timestamp":"2026-03-04T08:22:30.827835Z","level":"warning","event":"The `airflow.operators.python.get_current_context` attribute is deprecated. Please use `'airflow.sdk.get_current_context'`.","category":"DeprecatedImportWarning","filename":"/opt/airflow/dags/sftp_unidirectional_sync_dag.py","lineno":11,"logger":"py.warnings"}
{"timestamp":"2026-03-04T08:22:30.827864Z","level":"warning","event":"The `airflow.utils.trigger_rule.TriggerRule` attribute is deprecated. Please use `'airflow.task.trigger_rule.TriggerRule'`.","category":"DeprecatedImportWarning","filename":"/opt/airflow/dags/sftp_unidirectional_sync_dag.py","lineno":12,"logger":"py.warnings"}
{"timestamp":"2026-03-04T08:23:01.187028Z","level":"info","event":"Filling up the DagBag from /opt/airflow/dags/sftp_unidirectional_sync_dag.py","logger":"airflow.models.dagbag.BundleDagBag","filename":"dagbag.py","lineno":593}
{"timestamp":"2026-03-04T08:23:01.211661Z","level":"warning","event":"The `airflow.decorators.dag` attribute is deprecated. Please use `'airflow.sdk.dag'`.","category":"DeprecatedImportWarning","filename":"/opt/airflow/dags/sftp_unidirectional_sync_dag.py","lineno":9,"logger":"py.warnings"}
{"timestamp":"2026-03-04T08:23:01.211787Z","level":"warning","event":"The `airflow.decorators.task` attribute is deprecated. Please use `'airflow.sdk.task'`.","category":"DeprecatedImportWarning","filename":"/opt/airflow/dags/sftp_unidirectional_sync_dag.py","lineno":9,"logger":"py.warnings"}
{"timestamp":"2026-03-04T08:23:01.211819Z","level":"warning","event":"The `airflow.operators.python.get_current_context` attribute is deprecated. Please use `'airflow.sdk.get_current_context'`.","category":"DeprecatedImportWarning","filename":"/opt/airflow/dags/sftp_unidirectional_sync_dag.py","lineno":11,"logger":"py.warnings"}
{"timestamp":"2026-03-04T08:23:01.211843Z","level":"warning","event":"The `airflow.utils.trigger_rule.TriggerRule` attribute is deprecated. Please use `'airflow.task.trigger_rule.TriggerRule'`.","category":"DeprecatedImportWarning","filename":"/opt/airflow/dags/sftp_unidirectional_sync_dag.py","lineno":12,"logger":"py.warnings"}
{"timestamp":"2026-03-04T08:23:31.638566Z","level":"info","event":"Filling up the DagBag from /opt/airflow/dags/sftp_unidirectional_sync_dag.py","logger":"airflow.models.dagbag.BundleDagBag","filename":"dagbag.py","lineno":593}
{"timestamp":"2026-03-04T08:23:31.652647Z","level":"warning","event":"The `airflow.decorators.dag` attribute is deprecated. Please use `'airflow.sdk.dag'`.","category":"DeprecatedImportWarning","filename":"/opt/airflow/dags/sftp_unidirectional_sync_dag.py","lineno":9,"logger":"py.warnings"}
{"timestamp":"2026-03-04T08:23:31.652722Z","level":"warning","event":"The `airflow.decorators.task` attribute is deprecated. Please use `'airflow.sdk.task'`.","category":"DeprecatedImportWarning","filename":"/opt/airflow/dags/sftp_unidirectional_sync_dag.py","lineno":9,"logger":"py.warnings"}
{"timestamp":"2026-03-04T08:23:31.652757Z","level":"warning","event":"The `airflow.operators.python.get_current_context` attribute is deprecated. Please use `'airflow.sdk.get_current_context'`.","category":"DeprecatedImportWarning","filename":"/opt/airflow/dags/sftp_unidirectional_sync_dag.py","lineno":11,"logger":"py.warnings"}
{"timestamp":"2026-03-04T08:23:31.652784Z","level":"warning","event":"The `airflow.utils.trigger_rule.TriggerRule` attribute is deprecated. Please use `'airflow.task.trigger_rule.TriggerRule'`.","category":"DeprecatedImportWarning","filename":"/opt/airflow/dags/sftp_unidirectional_sync_dag.py","lineno":12,"logger":"py.warnings"}
{"timestamp":"2026-03-04T08:24:02.008179Z","level":"info","event":"Filling up the DagBag from /opt/airflow/dags/sftp_unidirectional_sync_dag.py","logger":"airflow.models.dagbag.BundleDagBag","filename":"dagbag.py","lineno":593}
{"timestamp":"2026-03-04T08:24:02.022032Z","level":"warning","event":"The `airflow.decorators.dag` attribute is deprecated. Please use `'airflow.sdk.dag'`.","category":"DeprecatedImportWarning","filename":"/opt/airflow/dags/sftp_unidirectional_sync_dag.py","lineno":9,"logger":"py.warnings"}
{"timestamp":"2026-03-04T08:24:02.022092Z","level":"warning","event":"The `airflow.decorators.task` attribute is deprecated. Please use `'airflow.sdk.task'`.","category":"DeprecatedImportWarning","filename":"/opt/airflow/dags/sftp_unidirectional_sync_dag.py","lineno":9,"logger":"py.warnings"}
{"timestamp":"2026-03-04T08:24:02.022121Z","level":"warning","event":"The `airflow.operators.python.get_current_context` attribute is deprecated. Please use `'airflow.sdk.get_current_context'`.","category":"DeprecatedImportWarning","filename":"/opt/airflow/dags/sftp_unidirectional_sync_dag.py","lineno":11,"logger":"py.warnings"}
{"timestamp":"2026-03-04T08:24:02.022145Z","level":"warning","event":"The `airflow.utils.trigger_rule.TriggerRule` attribute is deprecated. Please use `'airflow.task.trigger_rule.TriggerRule'`.","category":"DeprecatedImportWarning","filename":"/opt/airflow/dags/sftp_unidirectional_sync_dag.py","lineno":12,"logger":"py.warnings"}
{"timestamp":"2026-03-04T08:24:32.421144Z","level":"info","event":"Filling up the DagBag from /opt/airflow/dags/sftp_unidirectional_sync_dag.py","logger":"airflow.models.dagbag.BundleDagBag","filename":"dagbag.py","lineno":593}
{"timestamp":"2026-03-04T08:24:32.435068Z","level":"warning","event":"The `airflow.decorators.dag` attribute is deprecated. Please use `'airflow.sdk.dag'`.","category":"DeprecatedImportWarning","filename":"/opt/airflow/dags/sftp_unidirectional_sync_dag.py","lineno":9,"logger":"py.warnings"}
{"timestamp":"2026-03-04T08:24:32.435144Z","level":"warning","event":"The `airflow.decorators.task` attribute is deprecated. Please use `'airflow.sdk.task'`.","category":"DeprecatedImportWarning","filename":"/opt/airflow/dags/sftp_unidirectional_sync_dag.py","lineno":9,"logger":"py.warnings"}
{"timestamp":"2026-03-04T08:24:32.435176Z","level":"warning","event":"The `airflow.operators.python.get_current_context` attribute is deprecated. Please use `'airflow.sdk.get_current_context'`.","category":"DeprecatedImportWarning","filename":"/opt/airflow/dags/sftp_unidirectional_sync_dag.py","lineno":11,"logger":"py.warnings"}
{"timestamp":"2026-03-04T08:24:32.435202Z","level":"warning","event":"The `airflow.utils.trigger_rule.TriggerRule` attribute is deprecated. Please use `'airflow.task.trigger_rule.TriggerRule'`.","category":"DeprecatedImportWarning","filename":"/opt/airflow/dags/sftp_unidirectional_sync_dag.py","lineno":12,"logger":"py.warnings"}
{"timestamp":"2026-03-04T08:24:38.523511Z","level":"info","event":"Filling up the DagBag from /opt/airflow/dags/sftp_unidirectional_sync_dag.py","logger":"airflow.models.dagbag.BundleDagBag","filename":"dagbag.py","lineno":593}
{"timestamp":"2026-03-04T08:24:38.548638Z","level":"warning","event":"The `airflow.decorators.dag` attribute is deprecated. Please use `'airflow.sdk.dag'`.","category":"DeprecatedImportWarning","filename":"/opt/airflow/dags/sftp_unidirectional_sync_dag.py","lineno":9,"logger":"py.warnings"}
{"timestamp":"2026-03-04T08:24:38.548729Z","level":"warning","event":"The `airflow.decorators.task` attribute is deprecated. Please use `'airflow.sdk.task'`.","category":"DeprecatedImportWarning","filename":"/opt/airflow/dags/sftp_unidirectional_sync_dag.py","lineno":9,"logger":"py.warnings"}
{"timestamp":"2026-03-04T08:24:38.548759Z","level":"warning","event":"The `airflow.operators.python.get_current_context` attribute is deprecated. Please use `'airflow.sdk.get_current_context'`.","category":"DeprecatedImportWarning","filename":"/opt/airflow/dags/sftp_unidirectional_sync_dag.py","lineno":11,"logger":"py.warnings"}
{"timestamp":"2026-03-04T08:24:38.548783Z","level":"warning","event":"The `airflow.utils.trigger_rule.TriggerRule` attribute is deprecated. Please use `'airflow.task.trigger_rule.TriggerRule'`.","category":"DeprecatedImportWarning","filename":"/opt/airflow/dags/sftp_unidirectional_sync_dag.py","lineno":12,"logger":"py.warnings"}
{"timestamp":"2026-03-04T08:25:08.909684Z","level":"info","event":"Filling up the DagBag from /opt/airflow/dags/sftp_unidirectional_sync_dag.py","logger":"airflow.models.dagbag.BundleDagBag","filename":"dagbag.py","lineno":593}
{"timestamp":"2026-03-04T08:25:08.921313Z","level":"warning","event":"The `airflow.decorators.dag` attribute is deprecated. Please use `'airflow.sdk.dag'`.","category":"DeprecatedImportWarning","filename":"/opt/airflow/dags/sftp_unidirectional_sync_dag.py","lineno":9,"logger":"py.warnings"}
{"timestamp":"2026-03-04T08:25:08.921383Z","level":"warning","event":"The `airflow.decorators.task` attribute is deprecated. Please use `'airflow.sdk.task'`.","category":"DeprecatedImportWarning","filename":"/opt/airflow/dags/sftp_unidirectional_sync_dag.py","lineno":9,"logger":"py.warnings"}
{"timestamp":"2026-03-04T08:25:08.921420Z","level":"warning","event":"The `airflow.operators.python.get_current_context` attribute is deprecated. Please use `'airflow.sdk.get_current_context'`.","category":"DeprecatedImportWarning","filename":"/opt/airflow/dags/sftp_unidirectional_sync_dag.py","lineno":11,"logger":"py.warnings"}
{"timestamp":"2026-03-04T08:25:08.921452Z","level":"warning","event":"The `airflow.utils.trigger_rule.TriggerRule` attribute is deprecated. Please use `'airflow.task.trigger_rule.TriggerRule'`.","category":"DeprecatedImportWarning","filename":"/opt/airflow/dags/sftp_unidirectional_sync_dag.py","lineno":12,"logger":"py.warnings"}
{"timestamp":"2026-03-04T08:25:39.287387Z","level":"info","event":"Filling up the DagBag from /opt/airflow/dags/sftp_unidirectional_sync_dag.py","logger":"airflow.models.dagbag.BundleDagBag","filename":"dagbag.py","lineno":593}
{"timestamp":"2026-03-04T08:25:39.300168Z","level":"warning","event":"The `airflow.decorators.dag` attribute is deprecated. Please use `'airflow.sdk.dag'`.","category":"DeprecatedImportWarning","filename":"/opt/airflow/dags/sftp_unidirectional_sync_dag.py","lineno":9,"logger":"py.warnings"}
{"timestamp":"2026-03-04T08:25:39.300247Z","level":"warning","event":"The `airflow.decorators.task` attribute is deprecated. Please use `'airflow.sdk.task'`.","category":"DeprecatedImportWarning","filename":"/opt/airflow/dags/sftp_unidirectional_sync_dag.py","lineno":9,"logger":"py.warnings"}
{"timestamp":"2026-03-04T08:25:39.300280Z","level":"warning","event":"The `airflow.operators.python.get_current_context` attribute is deprecated. Please use `'airflow.sdk.get_current_context'`.","category":"DeprecatedImportWarning","filename":"/opt/airflow/dags/sftp_unidirectional_sync_dag.py","lineno":11,"logger":"py.warnings"}
{"timestamp":"2026-03-04T08:25:39.300310Z","level":"warning","event":"The `airflow.utils.trigger_rule.TriggerRule` attribute is deprecated. Please use `'airflow.task.trigger_rule.TriggerRule'`.","category":"DeprecatedImportWarning","filename":"/opt/airflow/dags/sftp_unidirectional_sync_dag.py","lineno":12,"logger":"py.warnings"}
{"timestamp":"2026-03-04T08:26:06.619419Z","level":"info","event":"Filling up the DagBag from /opt/airflow/dags/sftp_unidirectional_sync_dag.py","logger":"airflow.models.dagbag.BundleDagBag","filename":"dagbag.py","lineno":593}
{"timestamp":"2026-03-04T08:26:06.642816Z","level":"warning","event":"The `airflow.decorators.dag` attribute is deprecated. Please use `'airflow.sdk.dag'`.","category":"DeprecatedImportWarning","filename":"/opt/airflow/dags/sftp_unidirectional_sync_dag.py","lineno":9,"logger":"py.warnings"}
{"timestamp":"2026-03-04T08:26:06.642979Z","level":"warning","event":"The `airflow.decorators.task` attribute is deprecated. Please use `'airflow.sdk.task'`.","category":"DeprecatedImportWarning","filename":"/opt/airflow/dags/sftp_unidirectional_sync_dag.py","lineno":9,"logger":"py.warnings"}
{"timestamp":"2026-03-04T08:26:06.643019Z","level":"warning","event":"The `airflow.operators.python.get_current_context` attribute is deprecated. Please use `'airflow.sdk.get_current_context'`.","category":"DeprecatedImportWarning","filename":"/opt/airflow/dags/sftp_unidirectional_sync_dag.py","lineno":11,"logger":"py.warnings"}
{"timestamp":"2026-03-04T08:26:06.643060Z","level":"warning","event":"The `airflow.utils.trigger_rule.TriggerRule` attribute is deprecated. Please use `'airflow.task.trigger_rule.TriggerRule'`.","category":"DeprecatedImportWarning","filename":"/opt/airflow/dags/sftp_unidirectional_sync_dag.py","lineno":12,"logger":"py.warnings"}
{"timestamp":"2026-03-04T08:26:09.720035Z","level":"info","event":"Filling up the DagBag from /opt/airflow/dags/sftp_unidirectional_sync_dag.py","logger":"airflow.models.dagbag.BundleDagBag","filename":"dagbag.py","lineno":593}
{"timestamp":"2026-03-04T08:26:09.742200Z","level":"warning","event":"The `airflow.decorators.dag` attribute is deprecated. Please use `'airflow.sdk.dag'`.","category":"DeprecatedImportWarning","filename":"/opt/airflow/dags/sftp_unidirectional_sync_dag.py","lineno":9,"logger":"py.warnings"}
{"timestamp":"2026-03-04T08:26:09.742323Z","level":"warning","event":"The `airflow.decorators.task` attribute is deprecated. Please use `'airflow.sdk.task'`.","category":"DeprecatedImportWarning","filename":"/opt/airflow/dags/sftp_unidirectional_sync_dag.py","lineno":9,"logger":"py.warnings"}
{"timestamp":"2026-03-04T08:26:09.742358Z","level":"warning","event":"The `airflow.operators.python.get_current_context` attribute is deprecated. Please use `'airflow.sdk.get_current_context'`.","category":"DeprecatedImportWarning","filename":"/opt/airflow/dags/sftp_unidirectional_sync_dag.py","lineno":11,"logger":"py.warnings"}
{"timestamp":"2026-03-04T08:26:09.742385Z","level":"warning","event":"The `airflow.utils.trigger_rule.TriggerRule` attribute is deprecated. Please use `'airflow.task.trigger_rule.TriggerRule'`.","category":"DeprecatedImportWarning","filename":"/opt/airflow/dags/sftp_unidirectional_sync_dag.py","lineno":12,"logger":"py.warnings"}
{"timestamp":"2026-03-04T08:26:40.130704Z","level":"info","event":"Filling up the DagBag from /opt/airflow/dags/sftp_unidirectional_sync_dag.py","logger":"airflow.models.dagbag.BundleDagBag","filename":"dagbag.py","lineno":593}
{"timestamp":"2026-03-04T08:26:40.150126Z","level":"warning","event":"The `airflow.decorators.dag` attribute is deprecated. Please use `'airflow.sdk.dag'`.","category":"DeprecatedImportWarning","filename":"/opt/airflow/dags/sftp_unidirectional_sync_dag.py","lineno":9,"logger":"py.warnings"}
{"timestamp":"2026-03-04T08:26:40.150247Z","level":"warning","event":"The `airflow.decorators.task` attribute is deprecated. Please use `'airflow.sdk.task'`.","category":"DeprecatedImportWarning","filename":"/opt/airflow/dags/sftp_unidirectional_sync_dag.py","lineno":9,"logger":"py.warnings"}
{"timestamp":"2026-03-04T08:26:40.150279Z","level":"warning","event":"The `airflow.operators.python.get_current_context` attribute is deprecated. Please use `'airflow.sdk.get_current_context'`.","category":"DeprecatedImportWarning","filename":"/opt/airflow/dags/sftp_unidirectional_sync_dag.py","lineno":11,"logger":"py.warnings"}
{"timestamp":"2026-03-04T08:26:40.150313Z","level":"warning","event":"The `airflow.utils.trigger_rule.TriggerRule` attribute is deprecated. Please use `'airflow.task.trigger_rule.TriggerRule'`.","category":"DeprecatedImportWarning","filename":"/opt/airflow/dags/sftp_unidirectional_sync_dag.py","lineno":12,"logger":"py.warnings"}
{"timestamp":"2026-03-04T08:27:10.456868Z","level":"info","event":"Filling up the DagBag from /opt/airflow/dags/sftp_unidirectional_sync_dag.py","logger":"airflow.models.dagbag.BundleDagBag","filename":"dagbag.py","lineno":593}
{"timestamp":"2026-03-04T08:27:10.475436Z","level":"warning","event":"The `airflow.decorators.dag` attribute is deprecated. Please use `'airflow.sdk.dag'`.","category":"DeprecatedImportWarning","filename":"/opt/airflow/dags/sftp_unidirectional_sync_dag.py","lineno":9,"logger":"py.warnings"}
{"timestamp":"2026-03-04T08:27:10.475533Z","level":"warning","event":"The `airflow.decorators.task` attribute is deprecated. Please use `'airflow.sdk.task'`.","category":"DeprecatedImportWarning","filename":"/opt/airflow/dags/sftp_unidirectional_sync_dag.py","lineno":9,"logger":"py.warnings"}
{"timestamp":"2026-03-04T08:27:10.475580Z","level":"warning","event":"The `airflow.operators.python.get_current_context` attribute is deprecated. Please use `'airflow.sdk.get_current_context'`.","category":"DeprecatedImportWarning","filename":"/opt/airflow/dags/sftp_unidirectional_sync_dag.py","lineno":11,"logger":"py.warnings"}
{"timestamp":"2026-03-04T08:27:10.475610Z","level":"warning","event":"The `airflow.utils.trigger_rule.TriggerRule` attribute is deprecated. Please use `'airflow.task.trigger_rule.TriggerRule'`.","category":"DeprecatedImportWarning","filename":"/opt/airflow/dags/sftp_unidirectional_sync_dag.py","lineno":12,"logger":"py.warnings"}
{"timestamp":"2026-03-04T08:27:40.826663Z","level":"info","event":"Filling up the DagBag from /opt/airflow/dags/sftp_unidirectional_sync_dag.py","logger":"airflow.models.dagbag.BundleDagBag","filename":"dagbag.py","lineno":593}
{"timestamp":"2026-03-04T08:27:40.839107Z","level":"warning","event":"The `airflow.decorators.dag` attribute is deprecated. Please use `'airflow.sdk.dag'`.","category":"DeprecatedImportWarning","filename":"/opt/airflow/dags/sftp_unidirectional_sync_dag.py","lineno":9,"logger":"py.warnings"}
{"timestamp":"2026-03-04T08:27:40.839175Z","level":"warning","event":"The `airflow.decorators.task` attribute is deprecated. Please use `'airflow.sdk.task'`.","category":"DeprecatedImportWarning","filename":"/opt/airflow/dags/sftp_unidirectional_sync_dag.py","lineno":9,"logger":"py.warnings"}
{"timestamp":"2026-03-04T08:27:40.839209Z","level":"warning","event":"The `airflow.operators.python.get_current_context` attribute is deprecated. Please use `'airflow.sdk.get_current_context'`.","category":"DeprecatedImportWarning","filename":"/opt/airflow/dags/sftp_unidirectional_sync_dag.py","lineno":11,"logger":"py.warnings"}
{"timestamp":"2026-03-04T08:27:40.839237Z","level":"warning","event":"The `airflow.utils.trigger_rule.TriggerRule` attribute is deprecated. Please use `'airflow.task.trigger_rule.TriggerRule'`.","category":"DeprecatedImportWarning","filename":"/opt/airflow/dags/sftp_unidirectional_sync_dag.py","lineno":12,"logger":"py.warnings"}
{"timestamp":"2026-03-04T08:28:11.217498Z","level":"info","event":"Filling up the DagBag from /opt/airflow/dags/sftp_unidirectional_sync_dag.py","logger":"airflow.models.dagbag.BundleDagBag","filename":"dagbag.py","lineno":593}
{"timestamp":"2026-03-04T08:28:11.232743Z","level":"warning","event":"The `airflow.decorators.dag` attribute is deprecated. Please use `'airflow.sdk.dag'`.","category":"DeprecatedImportWarning","filename":"/opt/airflow/dags/sftp_unidirectional_sync_dag.py","lineno":9,"logger":"py.warnings"}
{"timestamp":"2026-03-04T08:28:11.232815Z","level":"warning","event":"The `airflow.decorators.task` attribute is deprecated. Please use `'airflow.sdk.task'`.","category":"DeprecatedImportWarning","filename":"/opt/airflow/dags/sftp_unidirectional_sync_dag.py","lineno":9,"logger":"py.warnings"}
{"timestamp":"2026-03-04T08:28:11.232852Z","level":"warning","event":"The `airflow.operators.python.get_current_context` attribute is deprecated. Please use `'airflow.sdk.get_current_context'`.","category":"DeprecatedImportWarning","filename":"/opt/airflow/dags/sftp_unidirectional_sync_dag.py","lineno":11,"logger":"py.warnings"}
{"timestamp":"2026-03-04T08:28:11.232881Z","level":"warning","event":"The `airflow.utils.trigger_rule.TriggerRule` attribute is deprecated. Please use `'airflow.task.trigger_rule.TriggerRule'`.","category":"DeprecatedImportWarning","filename":"/opt/airflow/dags/sftp_unidirectional_sync_dag.py","lineno":12,"logger":"py.warnings"}
{"timestamp":"2026-03-04T08:28:41.596529Z","level":"info","event":"Filling up the DagBag from /opt/airflow/dags/sftp_unidirectional_sync_dag.py","logger":"airflow.models.dagbag.BundleDagBag","filename":"dagbag.py","lineno":593}
{"timestamp":"2026-03-04T08:28:41.609351Z","level":"warning","event":"The `airflow.decorators.dag` attribute is deprecated. Please use `'airflow.sdk.dag'`.","category":"DeprecatedImportWarning","filename":"/opt/airflow/dags/sftp_unidirectional_sync_dag.py","lineno":9,"logger":"py.warnings"}
{"timestamp":"2026-03-04T08:28:41.609421Z","level":"warning","event":"The `airflow.decorators.task` attribute is deprecated. Please use `'airflow.sdk.task'`.","category":"DeprecatedImportWarning","filename":"/opt/airflow/dags/sftp_unidirectional_sync_dag.py","lineno":9,"logger":"py.warnings"}
{"timestamp":"2026-03-04T08:28:41.609474Z","level":"warning","event":"The `airflow.operators.python.get_current_context` attribute is deprecated. Please use `'airflow.sdk.get_current_context'`.","category":"DeprecatedImportWarning","filename":"/opt/airflow/dags/sftp_unidirectional_sync_dag.py","lineno":11,"logger":"py.warnings"}
{"timestamp":"2026-03-04T08:28:41.609506Z","level":"warning","event":"The `airflow.utils.trigger_rule.TriggerRule` attribute is deprecated. Please use `'airflow.task.trigger_rule.TriggerRule'`.","category":"DeprecatedImportWarning","filename":"/opt/airflow/dags/sftp_unidirectional_sync_dag.py","lineno":12,"logger":"py.warnings"}
