{"timestamp":"2026-03-04T08:31:07.191104Z","level":"info","event":"Filling up the DagBag from /opt/airflow/dags/sftp_sync_dag.py","logger":"airflow.models.dagbag.BundleDagBag","filename":"dagbag.py","lineno":593}
{"timestamp":"2026-03-04T08:31:07.210526Z","level":"warning","event":"The `airflow.decorators.dag` attribute is deprecated. Please use `'airflow.sdk.dag'`.","category":"DeprecatedImportWarning","filename":"/opt/airflow/dags/sftp_sync_dag.py","lineno":9,"logger":"py.warnings"}
{"timestamp":"2026-03-04T08:31:07.210600Z","level":"warning","event":"The `airflow.decorators.task` attribute is deprecated. Please use `'airflow.sdk.task'`.","category":"DeprecatedImportWarning","filename":"/opt/airflow/dags/sftp_sync_dag.py","lineno":9,"logger":"py.warnings"}
{"timestamp":"2026-03-04T08:31:07.210627Z","level":"warning","event":"The `airflow.operators.python.get_current_context` attribute is deprecated. Please use `'airflow.sdk.get_current_context'`.","category":"DeprecatedImportWarning","filename":"/opt/airflow/dags/sftp_sync_dag.py","lineno":11,"logger":"py.warnings"}
{"timestamp":"2026-03-04T08:31:07.210648Z","level":"warning","event":"The `airflow.utils.trigger_rule.TriggerRule` attribute is deprecated. Please use `'airflow.task.trigger_rule.TriggerRule'`.","category":"DeprecatedImportWarning","filename":"/opt/airflow/dags/sftp_sync_dag.py","lineno":12,"logger":"py.warnings"}
{"timestamp":"2026-03-04T08:31:37.546931Z","level":"info","event":"Filling up the DagBag from /opt/airflow/dags/sftp_sync_dag.py","logger":"airflow.models.dagbag.BundleDagBag","filename":"dagbag.py","lineno":593}
{"timestamp":"2026-03-04T08:31:37.565281Z","level":"warning","event":"The `airflow.decorators.dag` attribute is deprecated. Please use `'airflow.sdk.dag'`.","category":"DeprecatedImportWarning","filename":"/opt/airflow/dags/sftp_sync_dag.py","lineno":9,"logger":"py.warnings"}
{"timestamp":"2026-03-04T08:31:37.565409Z","level":"warning","event":"The `airflow.decorators.task` attribute is deprecated. Please use `'airflow.sdk.task'`.","category":"DeprecatedImportWarning","filename":"/opt/airflow/dags/sftp_sync_dag.py","lineno":9,"logger":"py.warnings"}
{"timestamp":"2026-03-04T08:31:37.565444Z","level":"warning","event":"The `airflow.operators.python.get_current_context` attribute is deprecated. Please use `'airflow.sdk.get_current_context'`.","category":"DeprecatedImportWarning","filename":"/opt/airflow/dags/sftp_sync_dag.py","lineno":11,"logger":"py.warnings"}
{"timestamp":"2026-03-04T08:31:37.565480Z","level":"warning","event":"The `airflow.utils.trigger_rule.TriggerRule` attribute is deprecated. Please use `'airflow.task.trigger_rule.TriggerRule'`.","category":"DeprecatedImportWarning","filename":"/opt/airflow/dags/sftp_sync_dag.py","lineno":12,"logger":"py.warnings"}
{"timestamp":"2026-03-04T08:32:07.918187Z","level":"info","event":"Filling up the DagBag from /opt/airflow/dags/sftp_sync_dag.py","logger":"airflow.models.dagbag.BundleDagBag","filename":"dagbag.py","lineno":593}
{"timestamp":"2026-03-04T08:32:07.928531Z","level":"warning","event":"The `airflow.decorators.dag` attribute is deprecated. Please use `'airflow.sdk.dag'`.","category":"DeprecatedImportWarning","filename":"/opt/airflow/dags/sftp_sync_dag.py","lineno":9,"logger":"py.warnings"}
{"timestamp":"2026-03-04T08:32:07.928596Z","level":"warning","event":"The `airflow.decorators.task` attribute is deprecated. Please use `'airflow.sdk.task'`.","category":"DeprecatedImportWarning","filename":"/opt/airflow/dags/sftp_sync_dag.py","lineno":9,"logger":"py.warnings"}
{"timestamp":"2026-03-04T08:32:07.928628Z","level":"warning","event":"The `airflow.operators.python.get_current_context` attribute is deprecated. Please use `'airflow.sdk.get_current_context'`.","category":"DeprecatedImportWarning","filename":"/opt/airflow/dags/sftp_sync_dag.py","lineno":11,"logger":"py.warnings"}
{"timestamp":"2026-03-04T08:32:07.928656Z","level":"warning","event":"The `airflow.utils.trigger_rule.TriggerRule` attribute is deprecated. Please use `'airflow.task.trigger_rule.TriggerRule'`.","category":"DeprecatedImportWarning","filename":"/opt/airflow/dags/sftp_sync_dag.py","lineno":12,"logger":"py.warnings"}
{"timestamp":"2026-03-04T08:32:38.301772Z","level":"info","event":"Filling up the DagBag from /opt/airflow/dags/sftp_sync_dag.py","logger":"airflow.models.dagbag.BundleDagBag","filename":"dagbag.py","lineno":593}
{"timestamp":"2026-03-04T08:32:38.315911Z","level":"warning","event":"The `airflow.decorators.dag` attribute is deprecated. Please use `'airflow.sdk.dag'`.","category":"DeprecatedImportWarning","filename":"/opt/airflow/dags/sftp_sync_dag.py","lineno":9,"logger":"py.warnings"}
{"timestamp":"2026-03-04T08:32:38.315984Z","level":"warning","event":"The `airflow.decorators.task` attribute is deprecated. Please use `'airflow.sdk.task'`.","category":"DeprecatedImportWarning","filename":"/opt/airflow/dags/sftp_sync_dag.py","lineno":9,"logger":"py.warnings"}
{"timestamp":"2026-03-04T08:32:38.316011Z","level":"warning","event":"The `airflow.operators.python.get_current_context` attribute is deprecated. Please use `'airflow.sdk.get_current_context'`.","category":"DeprecatedImportWarning","filename":"/opt/airflow/dags/sftp_sync_dag.py","lineno":11,"logger":"py.warnings"}
{"timestamp":"2026-03-04T08:32:38.316033Z","level":"warning","event":"The `airflow.utils.trigger_rule.TriggerRule` attribute is deprecated. Please use `'airflow.task.trigger_rule.TriggerRule'`.","category":"DeprecatedImportWarning","filename":"/opt/airflow/dags/sftp_sync_dag.py","lineno":12,"logger":"py.warnings"}
{"timestamp":"2026-03-04T08:33:08.662433Z","level":"info","event":"Filling up the DagBag from /opt/airflow/dags/sftp_sync_dag.py","logger":"airflow.models.dagbag.BundleDagBag","filename":"dagbag.py","lineno":593}
{"timestamp":"2026-03-04T08:33:08.678652Z","level":"warning","event":"The `airflow.decorators.dag` attribute is deprecated. Please use `'airflow.sdk.dag'`.","category":"DeprecatedImportWarning","filename":"/opt/airflow/dags/sftp_sync_dag.py","lineno":9,"logger":"py.warnings"}
{"timestamp":"2026-03-04T08:33:08.678718Z","level":"warning","event":"The `airflow.decorators.task` attribute is deprecated. Please use `'airflow.sdk.task'`.","category":"DeprecatedImportWarning","filename":"/opt/airflow/dags/sftp_sync_dag.py","lineno":9,"logger":"py.warnings"}
{"timestamp":"2026-03-04T08:33:08.678746Z","level":"warning","event":"The `airflow.operators.python.get_current_context` attribute is deprecated. Please use `'airflow.sdk.get_current_context'`.","category":"DeprecatedImportWarning","filename":"/opt/airflow/dags/sftp_sync_dag.py","lineno":11,"logger":"py.warnings"}
{"timestamp":"2026-03-04T08:33:08.678770Z","level":"warning","event":"The `airflow.utils.trigger_rule.TriggerRule` attribute is deprecated. Please use `'airflow.task.trigger_rule.TriggerRule'`.","category":"DeprecatedImportWarning","filename":"/opt/airflow/dags/sftp_sync_dag.py","lineno":12,"logger":"py.warnings"}
{"timestamp":"2026-03-04T08:33:39.057974Z","level":"info","event":"Filling up the DagBag from /opt/airflow/dags/sftp_sync_dag.py","logger":"airflow.models.dagbag.BundleDagBag","filename":"dagbag.py","lineno":593}
{"timestamp":"2026-03-04T08:33:39.075807Z","level":"warning","event":"The `airflow.decorators.dag` attribute is deprecated. Please use `'airflow.sdk.dag'`.","category":"DeprecatedImportWarning","filename":"/opt/airflow/dags/sftp_sync_dag.py","lineno":9,"logger":"py.warnings"}
{"timestamp":"2026-03-04T08:33:39.075889Z","level":"warning","event":"The `airflow.decorators.task` attribute is deprecated. Please use `'airflow.sdk.task'`.","category":"DeprecatedImportWarning","filename":"/opt/airflow/dags/sftp_sync_dag.py","lineno":9,"logger":"py.warnings"}
{"timestamp":"2026-03-04T08:33:39.075920Z","level":"warning","event":"The `airflow.operators.python.get_current_context` attribute is deprecated. Please use `'airflow.sdk.get_current_context'`.","category":"DeprecatedImportWarning","filename":"/opt/airflow/dags/sftp_sync_dag.py","lineno":11,"logger":"py.warnings"}
{"timestamp":"2026-03-04T08:33:39.075947Z","level":"warning","event":"The `airflow.utils.trigger_rule.TriggerRule` attribute is deprecated. Please use `'airflow.task.trigger_rule.TriggerRule'`.","category":"DeprecatedImportWarning","filename":"/opt/airflow/dags/sftp_sync_dag.py","lineno":12,"logger":"py.warnings"}
{"timestamp":"2026-03-04T08:34:09.443378Z","level":"info","event":"Filling up the DagBag from /opt/airflow/dags/sftp_sync_dag.py","logger":"airflow.models.dagbag.BundleDagBag","filename":"dagbag.py","lineno":593}
{"timestamp":"2026-03-04T08:34:09.461808Z","level":"warning","event":"The `airflow.decorators.dag` attribute is deprecated. Please use `'airflow.sdk.dag'`.","category":"DeprecatedImportWarning","filename":"/opt/airflow/dags/sftp_sync_dag.py","lineno":9,"logger":"py.warnings"}
{"timestamp":"2026-03-04T08:34:09.461906Z","level":"warning","event":"The `airflow.decorators.task` attribute is deprecated. Please use `'airflow.sdk.task'`.","category":"DeprecatedImportWarning","filename":"/opt/airflow/dags/sftp_sync_dag.py","lineno":9,"logger":"py.warnings"}
{"timestamp":"2026-03-04T08:34:09.461939Z","level":"warning","event":"The `airflow.operators.python.get_current_context` attribute is deprecated. Please use `'airflow.sdk.get_current_context'`.","category":"DeprecatedImportWarning","filename":"/opt/airflow/dags/sftp_sync_dag.py","lineno":11,"logger":"py.warnings"}
{"timestamp":"2026-03-04T08:34:09.461967Z","level":"warning","event":"The `airflow.utils.trigger_rule.TriggerRule` attribute is deprecated. Please use `'airflow.task.trigger_rule.TriggerRule'`.","category":"DeprecatedImportWarning","filename":"/opt/airflow/dags/sftp_sync_dag.py","lineno":12,"logger":"py.warnings"}
{"timestamp":"2026-03-04T08:34:19.609544Z","level":"info","event":"Filling up the DagBag from /opt/airflow/dags/sftp_sync_dag.py","logger":"airflow.models.dagbag.BundleDagBag","filename":"dagbag.py","lineno":593}
{"timestamp":"2026-03-04T08:34:19.632343Z","level":"warning","event":"The `airflow.decorators.dag` attribute is deprecated. Please use `'airflow.sdk.dag'`.","category":"DeprecatedImportWarning","filename":"/opt/airflow/dags/sftp_sync_dag.py","lineno":9,"logger":"py.warnings"}
{"timestamp":"2026-03-04T08:34:19.632454Z","level":"warning","event":"The `airflow.decorators.task` attribute is deprecated. Please use `'airflow.sdk.task'`.","category":"DeprecatedImportWarning","filename":"/opt/airflow/dags/sftp_sync_dag.py","lineno":9,"logger":"py.warnings"}
{"timestamp":"2026-03-04T08:34:19.632487Z","level":"warning","event":"The `airflow.operators.python.get_current_context` attribute is deprecated. Please use `'airflow.sdk.get_current_context'`.","category":"DeprecatedImportWarning","filename":"/opt/airflow/dags/sftp_sync_dag.py","lineno":11,"logger":"py.warnings"}
{"timestamp":"2026-03-04T08:34:19.632514Z","level":"warning","event":"The `airflow.utils.trigger_rule.TriggerRule` attribute is deprecated. Please use `'airflow.task.trigger_rule.TriggerRule'`.","category":"DeprecatedImportWarning","filename":"/opt/airflow/dags/sftp_sync_dag.py","lineno":12,"logger":"py.warnings"}
{"timestamp":"2026-03-04T08:34:22.698150Z","level":"info","event":"Filling up the DagBag from /opt/airflow/dags/sftp_sync_dag.py","logger":"airflow.models.dagbag.BundleDagBag","filename":"dagbag.py","lineno":593}
{"timestamp":"2026-03-04T08:34:22.726483Z","level":"warning","event":"The `airflow.decorators.dag` attribute is deprecated. Please use `'airflow.sdk.dag'`.","category":"DeprecatedImportWarning","filename":"/opt/airflow/dags/sftp_sync_dag.py","lineno":9,"logger":"py.warnings"}
{"timestamp":"2026-03-04T08:34:22.726583Z","level":"warning","event":"The `airflow.decorators.task` attribute is deprecated. Please use `'airflow.sdk.task'`.","category":"DeprecatedImportWarning","filename":"/opt/airflow/dags/sftp_sync_dag.py","lineno":9,"logger":"py.warnings"}
{"timestamp":"2026-03-04T08:34:22.726609Z","level":"warning","event":"The `airflow.operators.python.get_current_context` attribute is deprecated. Please use `'airflow.sdk.get_current_context'`.","category":"DeprecatedImportWarning","filename":"/opt/airflow/dags/sftp_sync_dag.py","lineno":11,"logger":"py.warnings"}
{"timestamp":"2026-03-04T08:34:22.726632Z","level":"warning","event":"The `airflow.utils.trigger_rule.TriggerRule` attribute is deprecated. Please use `'airflow.task.trigger_rule.TriggerRule'`.","category":"DeprecatedImportWarning","filename":"/opt/airflow/dags/sftp_sync_dag.py","lineno":12,"logger":"py.warnings"}
{"timestamp":"2026-03-04T08:34:27.826620Z","level":"info","event":"Filling up the DagBag from /opt/airflow/dags/sftp_sync_dag.py","logger":"airflow.models.dagbag.BundleDagBag","filename":"dagbag.py","lineno":593}
{"timestamp":"2026-03-04T08:34:27.850204Z","level":"warning","event":"The `airflow.decorators.dag` attribute is deprecated. Please use `'airflow.sdk.dag'`.","category":"DeprecatedImportWarning","filename":"/opt/airflow/dags/sftp_sync_dag.py","lineno":9,"logger":"py.warnings"}
{"timestamp":"2026-03-04T08:34:27.850341Z","level":"warning","event":"The `airflow.decorators.task` attribute is deprecated. Please use `'airflow.sdk.task'`.","category":"DeprecatedImportWarning","filename":"/opt/airflow/dags/sftp_sync_dag.py","lineno":9,"logger":"py.warnings"}
{"timestamp":"2026-03-04T08:34:27.850373Z","level":"warning","event":"The `airflow.operators.python.get_current_context` attribute is deprecated. Please use `'airflow.sdk.get_current_context'`.","category":"DeprecatedImportWarning","filename":"/opt/airflow/dags/sftp_sync_dag.py","lineno":11,"logger":"py.warnings"}
{"timestamp":"2026-03-04T08:34:27.850400Z","level":"warning","event":"The `airflow.utils.trigger_rule.TriggerRule` attribute is deprecated. Please use `'airflow.task.trigger_rule.TriggerRule'`.","category":"DeprecatedImportWarning","filename":"/opt/airflow/dags/sftp_sync_dag.py","lineno":12,"logger":"py.warnings"}
{"timestamp":"2026-03-04T08:34:29.914796Z","level":"info","event":"Filling up the DagBag from /opt/airflow/dags/sftp_sync_dag.py","logger":"airflow.models.dagbag.BundleDagBag","filename":"dagbag.py","lineno":593}
{"timestamp":"2026-03-04T08:34:29.933047Z","level":"warning","event":"The `airflow.decorators.dag` attribute is deprecated. Please use `'airflow.sdk.dag'`.","category":"DeprecatedImportWarning","filename":"/opt/airflow/dags/sftp_sync_dag.py","lineno":9,"logger":"py.warnings"}
{"timestamp":"2026-03-04T08:34:29.933154Z","level":"warning","event":"The `airflow.decorators.task` attribute is deprecated. Please use `'airflow.sdk.task'`.","category":"DeprecatedImportWarning","filename":"/opt/airflow/dags/sftp_sync_dag.py","lineno":9,"logger":"py.warnings"}
{"timestamp":"2026-03-04T08:34:29.933191Z","level":"warning","event":"The `airflow.operators.python.get_current_context` attribute is deprecated. Please use `'airflow.sdk.get_current_context'`.","category":"DeprecatedImportWarning","filename":"/opt/airflow/dags/sftp_sync_dag.py","lineno":11,"logger":"py.warnings"}
{"timestamp":"2026-03-04T08:34:29.933222Z","level":"warning","event":"The `airflow.utils.trigger_rule.TriggerRule` attribute is deprecated. Please use `'airflow.task.trigger_rule.TriggerRule'`.","category":"DeprecatedImportWarning","filename":"/opt/airflow/dags/sftp_sync_dag.py","lineno":12,"logger":"py.warnings"}
{"timestamp":"2026-03-04T08:35:00.342006Z","level":"info","event":"Filling up the DagBag from /opt/airflow/dags/sftp_sync_dag.py","logger":"airflow.models.dagbag.BundleDagBag","filename":"dagbag.py","lineno":593}
{"timestamp":"2026-03-04T08:35:00.359898Z","level":"warning","event":"The `airflow.decorators.dag` attribute is deprecated. Please use `'airflow.sdk.dag'`.","category":"DeprecatedImportWarning","filename":"/opt/airflow/dags/sftp_sync_dag.py","lineno":9,"logger":"py.warnings"}
{"timestamp":"2026-03-04T08:35:00.359970Z","level":"warning","event":"The `airflow.decorators.task` attribute is deprecated. Please use `'airflow.sdk.task'`.","category":"DeprecatedImportWarning","filename":"/opt/airflow/dags/sftp_sync_dag.py","lineno":9,"logger":"py.warnings"}
{"timestamp":"2026-03-04T08:35:00.359999Z","level":"warning","event":"The `airflow.operators.python.get_current_context` attribute is deprecated. Please use `'airflow.sdk.get_current_context'`.","category":"DeprecatedImportWarning","filename":"/opt/airflow/dags/sftp_sync_dag.py","lineno":11,"logger":"py.warnings"}
{"timestamp":"2026-03-04T08:35:00.360035Z","level":"warning","event":"The `airflow.utils.trigger_rule.TriggerRule` attribute is deprecated. Please use `'airflow.task.trigger_rule.TriggerRule'`.","category":"DeprecatedImportWarning","filename":"/opt/airflow/dags/sftp_sync_dag.py","lineno":12,"logger":"py.warnings"}
{"timestamp":"2026-03-04T08:35:30.745612Z","level":"info","event":"Filling up the DagBag from /opt/airflow/dags/sftp_sync_dag.py","logger":"airflow.models.dagbag.BundleDagBag","filename":"dagbag.py","lineno":593}
{"timestamp":"2026-03-04T08:35:30.762277Z","level":"warning","event":"The `airflow.decorators.dag` attribute is deprecated. Please use `'airflow.sdk.dag'`.","category":"DeprecatedImportWarning","filename":"/opt/airflow/dags/sftp_sync_dag.py","lineno":9,"logger":"py.warnings"}
{"timestamp":"2026-03-04T08:35:30.762350Z","level":"warning","event":"The `airflow.decorators.task` attribute is deprecated. Please use `'airflow.sdk.task'`.","category":"DeprecatedImportWarning","filename":"/opt/airflow/dags/sftp_sync_dag.py","lineno":9,"logger":"py.warnings"}
{"timestamp":"2026-03-04T08:35:30.762382Z","level":"warning","event":"The `airflow.operators.python.get_current_context` attribute is deprecated. Please use `'airflow.sdk.get_current_context'`.","category":"DeprecatedImportWarning","filename":"/opt/airflow/dags/sftp_sync_dag.py","lineno":11,"logger":"py.warnings"}
{"timestamp":"2026-03-04T08:35:30.762409Z","level":"warning","event":"The `airflow.utils.trigger_rule.TriggerRule` attribute is deprecated. Please use `'airflow.task.trigger_rule.TriggerRule'`.","category":"DeprecatedImportWarning","filename":"/opt/airflow/dags/sftp_sync_dag.py","lineno":12,"logger":"py.warnings"}
{"timestamp":"2026-03-04T08:36:01.086142Z","level":"info","event":"Filling up the DagBag from /opt/airflow/dags/sftp_sync_dag.py","logger":"airflow.models.dagbag.BundleDagBag","filename":"dagbag.py","lineno":593}
{"timestamp":"2026-03-04T08:36:01.100773Z","level":"warning","event":"The `airflow.decorators.dag` attribute is deprecated. Please use `'airflow.sdk.dag'`.","category":"DeprecatedImportWarning","filename":"/opt/airflow/dags/sftp_sync_dag.py","lineno":9,"logger":"py.warnings"}
{"timestamp":"2026-03-04T08:36:01.100840Z","level":"warning","event":"The `airflow.decorators.task` attribute is deprecated. Please use `'airflow.sdk.task'`.","category":"DeprecatedImportWarning","filename":"/opt/airflow/dags/sftp_sync_dag.py","lineno":9,"logger":"py.warnings"}
{"timestamp":"2026-03-04T08:36:01.100870Z","level":"warning","event":"The `airflow.operators.python.get_current_context` attribute is deprecated. Please use `'airflow.sdk.get_current_context'`.","category":"DeprecatedImportWarning","filename":"/opt/airflow/dags/sftp_sync_dag.py","lineno":11,"logger":"py.warnings"}
{"timestamp":"2026-03-04T08:36:01.100895Z","level":"warning","event":"The `airflow.utils.trigger_rule.TriggerRule` attribute is deprecated. Please use `'airflow.task.trigger_rule.TriggerRule'`.","category":"DeprecatedImportWarning","filename":"/opt/airflow/dags/sftp_sync_dag.py","lineno":12,"logger":"py.warnings"}
{"timestamp":"2026-03-04T08:36:31.469509Z","level":"info","event":"Filling up the DagBag from /opt/airflow/dags/sftp_sync_dag.py","logger":"airflow.models.dagbag.BundleDagBag","filename":"dagbag.py","lineno":593}
{"timestamp":"2026-03-04T08:36:31.485518Z","level":"warning","event":"The `airflow.decorators.dag` attribute is deprecated. Please use `'airflow.sdk.dag'`.","category":"DeprecatedImportWarning","filename":"/opt/airflow/dags/sftp_sync_dag.py","lineno":9,"logger":"py.warnings"}
{"timestamp":"2026-03-04T08:36:31.485589Z","level":"warning","event":"The `airflow.decorators.task` attribute is deprecated. Please use `'airflow.sdk.task'`.","category":"DeprecatedImportWarning","filename":"/opt/airflow/dags/sftp_sync_dag.py","lineno":9,"logger":"py.warnings"}
{"timestamp":"2026-03-04T08:36:31.485619Z","level":"warning","event":"The `airflow.operators.python.get_current_context` attribute is deprecated. Please use `'airflow.sdk.get_current_context'`.","category":"DeprecatedImportWarning","filename":"/opt/airflow/dags/sftp_sync_dag.py","lineno":11,"logger":"py.warnings"}
{"timestamp":"2026-03-04T08:36:31.485644Z","level":"warning","event":"The `airflow.utils.trigger_rule.TriggerRule` attribute is deprecated. Please use `'airflow.task.trigger_rule.TriggerRule'`.","category":"DeprecatedImportWarning","filename":"/opt/airflow/dags/sftp_sync_dag.py","lineno":12,"logger":"py.warnings"}
{"timestamp":"2026-03-04T08:37:01.835433Z","level":"info","event":"Filling up the DagBag from /opt/airflow/dags/sftp_sync_dag.py","logger":"airflow.models.dagbag.BundleDagBag","filename":"dagbag.py","lineno":593}
{"timestamp":"2026-03-04T08:37:01.854866Z","level":"warning","event":"The `airflow.decorators.dag` attribute is deprecated. Please use `'airflow.sdk.dag'`.","category":"DeprecatedImportWarning","filename":"/opt/airflow/dags/sftp_sync_dag.py","lineno":9,"logger":"py.warnings"}
{"timestamp":"2026-03-04T08:37:01.854936Z","level":"warning","event":"The `airflow.decorators.task` attribute is deprecated. Please use `'airflow.sdk.task'`.","category":"DeprecatedImportWarning","filename":"/opt/airflow/dags/sftp_sync_dag.py","lineno":9,"logger":"py.warnings"}
{"timestamp":"2026-03-04T08:37:01.854966Z","level":"warning","event":"The `airflow.operators.python.get_current_context` attribute is deprecated. Please use `'airflow.sdk.get_current_context'`.","category":"DeprecatedImportWarning","filename":"/opt/airflow/dags/sftp_sync_dag.py","lineno":11,"logger":"py.warnings"}
{"timestamp":"2026-03-04T08:37:01.854992Z","level":"warning","event":"The `airflow.utils.trigger_rule.TriggerRule` attribute is deprecated. Please use `'airflow.task.trigger_rule.TriggerRule'`.","category":"DeprecatedImportWarning","filename":"/opt/airflow/dags/sftp_sync_dag.py","lineno":12,"logger":"py.warnings"}
{"timestamp":"2026-03-04T08:37:11.281824Z","level":"info","event":"Filling up the DagBag from /opt/airflow/dags/sftp_sync_dag.py","logger":"airflow.models.dagbag.BundleDagBag","filename":"dagbag.py","lineno":593}
{"timestamp":"2026-03-04T08:37:11.293050Z","level":"warning","event":"The `airflow.decorators.dag` attribute is deprecated. Please use `'airflow.sdk.dag'`.","category":"DeprecatedImportWarning","filename":"/opt/airflow/dags/sftp_sync_dag.py","lineno":9,"logger":"py.warnings"}
{"timestamp":"2026-03-04T08:37:11.293122Z","level":"warning","event":"The `airflow.decorators.task` attribute is deprecated. Please use `'airflow.sdk.task'`.","category":"DeprecatedImportWarning","filename":"/opt/airflow/dags/sftp_sync_dag.py","lineno":9,"logger":"py.warnings"}
{"timestamp":"2026-03-04T08:37:11.293149Z","level":"warning","event":"The `airflow.operators.python.get_current_context` attribute is deprecated. Please use `'airflow.sdk.get_current_context'`.","category":"DeprecatedImportWarning","filename":"/opt/airflow/dags/sftp_sync_dag.py","lineno":11,"logger":"py.warnings"}
{"timestamp":"2026-03-04T08:37:11.293172Z","level":"warning","event":"The `airflow.utils.trigger_rule.TriggerRule` attribute is deprecated. Please use `'airflow.task.trigger_rule.TriggerRule'`.","category":"DeprecatedImportWarning","filename":"/opt/airflow/dags/sftp_sync_dag.py","lineno":12,"logger":"py.warnings"}
{"timestamp":"2026-03-04T08:37:41.602559Z","level":"info","event":"Filling up the DagBag from /opt/airflow/dags/sftp_sync_dag.py","logger":"airflow.models.dagbag.BundleDagBag","filename":"dagbag.py","lineno":593}
{"timestamp":"2026-03-04T08:37:41.615908Z","level":"warning","event":"The `airflow.decorators.dag` attribute is deprecated. Please use `'airflow.sdk.dag'`.","category":"DeprecatedImportWarning","filename":"/opt/airflow/dags/sftp_sync_dag.py","lineno":9,"logger":"py.warnings"}
{"timestamp":"2026-03-04T08:37:41.615972Z","level":"warning","event":"The `airflow.decorators.task` attribute is deprecated. Please use `'airflow.sdk.task'`.","category":"DeprecatedImportWarning","filename":"/opt/airflow/dags/sftp_sync_dag.py","lineno":9,"logger":"py.warnings"}
{"timestamp":"2026-03-04T08:37:41.616004Z","level":"warning","event":"The `airflow.operators.python.get_current_context` attribute is deprecated. Please use `'airflow.sdk.get_current_context'`.","category":"DeprecatedImportWarning","filename":"/opt/airflow/dags/sftp_sync_dag.py","lineno":11,"logger":"py.warnings"}
{"timestamp":"2026-03-04T08:37:41.616031Z","level":"warning","event":"The `airflow.utils.trigger_rule.TriggerRule` attribute is deprecated. Please use `'airflow.task.trigger_rule.TriggerRule'`.","category":"DeprecatedImportWarning","filename":"/opt/airflow/dags/sftp_sync_dag.py","lineno":12,"logger":"py.warnings"}
{"timestamp":"2026-03-04T08:38:11.965195Z","level":"info","event":"Filling up the DagBag from /opt/airflow/dags/sftp_sync_dag.py","logger":"airflow.models.dagbag.BundleDagBag","filename":"dagbag.py","lineno":593}
{"timestamp":"2026-03-04T08:38:11.982832Z","level":"warning","event":"The `airflow.decorators.dag` attribute is deprecated. Please use `'airflow.sdk.dag'`.","category":"DeprecatedImportWarning","filename":"/opt/airflow/dags/sftp_sync_dag.py","lineno":9,"logger":"py.warnings"}
{"timestamp":"2026-03-04T08:38:11.982907Z","level":"warning","event":"The `airflow.decorators.task` attribute is deprecated. Please use `'airflow.sdk.task'`.","category":"DeprecatedImportWarning","filename":"/opt/airflow/dags/sftp_sync_dag.py","lineno":9,"logger":"py.warnings"}
{"timestamp":"2026-03-04T08:38:11.982938Z","level":"warning","event":"The `airflow.operators.python.get_current_context` attribute is deprecated. Please use `'airflow.sdk.get_current_context'`.","category":"DeprecatedImportWarning","filename":"/opt/airflow/dags/sftp_sync_dag.py","lineno":11,"logger":"py.warnings"}
{"timestamp":"2026-03-04T08:38:11.982961Z","level":"warning","event":"The `airflow.utils.trigger_rule.TriggerRule` attribute is deprecated. Please use `'airflow.task.trigger_rule.TriggerRule'`.","category":"DeprecatedImportWarning","filename":"/opt/airflow/dags/sftp_sync_dag.py","lineno":12,"logger":"py.warnings"}
{"timestamp":"2026-03-04T08:38:42.293655Z","level":"info","event":"Filling up the DagBag from /opt/airflow/dags/sftp_sync_dag.py","logger":"airflow.models.dagbag.BundleDagBag","filename":"dagbag.py","lineno":593}
{"timestamp":"2026-03-04T08:38:42.308513Z","level":"warning","event":"The `airflow.decorators.dag` attribute is deprecated. Please use `'airflow.sdk.dag'`.","category":"DeprecatedImportWarning","filename":"/opt/airflow/dags/sftp_sync_dag.py","lineno":9,"logger":"py.warnings"}
{"timestamp":"2026-03-04T08:38:42.308573Z","level":"warning","event":"The `airflow.decorators.task` attribute is deprecated. Please use `'airflow.sdk.task'`.","category":"DeprecatedImportWarning","filename":"/opt/airflow/dags/sftp_sync_dag.py","lineno":9,"logger":"py.warnings"}
{"timestamp":"2026-03-04T08:38:42.308604Z","level":"warning","event":"The `airflow.operators.python.get_current_context` attribute is deprecated. Please use `'airflow.sdk.get_current_context'`.","category":"DeprecatedImportWarning","filename":"/opt/airflow/dags/sftp_sync_dag.py","lineno":11,"logger":"py.warnings"}
{"timestamp":"2026-03-04T08:38:42.308630Z","level":"warning","event":"The `airflow.utils.trigger_rule.TriggerRule` attribute is deprecated. Please use `'airflow.task.trigger_rule.TriggerRule'`.","category":"DeprecatedImportWarning","filename":"/opt/airflow/dags/sftp_sync_dag.py","lineno":12,"logger":"py.warnings"}
{"timestamp":"2026-03-04T08:39:13.659438Z","level":"info","event":"Filling up the DagBag from /opt/airflow/dags/sftp_sync_dag.py","logger":"airflow.models.dagbag.BundleDagBag","filename":"dagbag.py","lineno":593}
{"timestamp":"2026-03-04T08:39:13.679421Z","level":"warning","event":"The `airflow.decorators.dag` attribute is deprecated. Please use `'airflow.sdk.dag'`.","category":"DeprecatedImportWarning","filename":"/opt/airflow/dags/sftp_sync_dag.py","lineno":9,"logger":"py.warnings"}
{"timestamp":"2026-03-04T08:39:13.679526Z","level":"warning","event":"The `airflow.decorators.task` attribute is deprecated. Please use `'airflow.sdk.task'`.","category":"DeprecatedImportWarning","filename":"/opt/airflow/dags/sftp_sync_dag.py","lineno":9,"logger":"py.warnings"}
{"timestamp":"2026-03-04T08:39:13.679550Z","level":"warning","event":"The `airflow.operators.python.get_current_context` attribute is deprecated. Please use `'airflow.sdk.get_current_context'`.","category":"DeprecatedImportWarning","filename":"/opt/airflow/dags/sftp_sync_dag.py","lineno":11,"logger":"py.warnings"}
{"timestamp":"2026-03-04T08:39:13.679571Z","level":"warning","event":"The `airflow.utils.trigger_rule.TriggerRule` attribute is deprecated. Please use `'airflow.task.trigger_rule.TriggerRule'`.","category":"DeprecatedImportWarning","filename":"/opt/airflow/dags/sftp_sync_dag.py","lineno":12,"logger":"py.warnings"}
{"timestamp":"2026-03-04T08:39:44.002901Z","level":"info","event":"Filling up the DagBag from /opt/airflow/dags/sftp_sync_dag.py","logger":"airflow.models.dagbag.BundleDagBag","filename":"dagbag.py","lineno":593}
{"timestamp":"2026-03-04T08:39:44.023019Z","level":"warning","event":"The `airflow.decorators.dag` attribute is deprecated. Please use `'airflow.sdk.dag'`.","category":"DeprecatedImportWarning","filename":"/opt/airflow/dags/sftp_sync_dag.py","lineno":9,"logger":"py.warnings"}
{"timestamp":"2026-03-04T08:39:44.023112Z","level":"warning","event":"The `airflow.decorators.task` attribute is deprecated. Please use `'airflow.sdk.task'`.","category":"DeprecatedImportWarning","filename":"/opt/airflow/dags/sftp_sync_dag.py","lineno":9,"logger":"py.warnings"}
{"timestamp":"2026-03-04T08:39:44.023142Z","level":"warning","event":"The `airflow.operators.python.get_current_context` attribute is deprecated. Please use `'airflow.sdk.get_current_context'`.","category":"DeprecatedImportWarning","filename":"/opt/airflow/dags/sftp_sync_dag.py","lineno":11,"logger":"py.warnings"}
{"timestamp":"2026-03-04T08:39:44.023167Z","level":"warning","event":"The `airflow.utils.trigger_rule.TriggerRule` attribute is deprecated. Please use `'airflow.task.trigger_rule.TriggerRule'`.","category":"DeprecatedImportWarning","filename":"/opt/airflow/dags/sftp_sync_dag.py","lineno":12,"logger":"py.warnings"}
{"timestamp":"2026-03-04T08:40:14.416484Z","level":"info","event":"Filling up the DagBag from /opt/airflow/dags/sftp_sync_dag.py","logger":"airflow.models.dagbag.BundleDagBag","filename":"dagbag.py","lineno":593}
{"timestamp":"2026-03-04T08:40:14.437378Z","level":"warning","event":"The `airflow.decorators.dag` attribute is deprecated. Please use `'airflow.sdk.dag'`.","category":"DeprecatedImportWarning","filename":"/opt/airflow/dags/sftp_sync_dag.py","lineno":9,"logger":"py.warnings"}
{"timestamp":"2026-03-04T08:40:14.437456Z","level":"warning","event":"The `airflow.decorators.task` attribute is deprecated. Please use `'airflow.sdk.task'`.","category":"DeprecatedImportWarning","filename":"/opt/airflow/dags/sftp_sync_dag.py","lineno":9,"logger":"py.warnings"}
{"timestamp":"2026-03-04T08:40:14.437481Z","level":"warning","event":"The `airflow.operators.python.get_current_context` attribute is deprecated. Please use `'airflow.sdk.get_current_context'`.","category":"DeprecatedImportWarning","filename":"/opt/airflow/dags/sftp_sync_dag.py","lineno":11,"logger":"py.warnings"}
{"timestamp":"2026-03-04T08:40:14.437504Z","level":"warning","event":"The `airflow.utils.trigger_rule.TriggerRule` attribute is deprecated. Please use `'airflow.task.trigger_rule.TriggerRule'`.","category":"DeprecatedImportWarning","filename":"/opt/airflow/dags/sftp_sync_dag.py","lineno":12,"logger":"py.warnings"}
{"timestamp":"2026-03-04T08:40:44.783671Z","level":"info","event":"Filling up the DagBag from /opt/airflow/dags/sftp_sync_dag.py","logger":"airflow.models.dagbag.BundleDagBag","filename":"dagbag.py","lineno":593}
{"timestamp":"2026-03-04T08:40:44.799639Z","level":"warning","event":"The `airflow.decorators.dag` attribute is deprecated. Please use `'airflow.sdk.dag'`.","category":"DeprecatedImportWarning","filename":"/opt/airflow/dags/sftp_sync_dag.py","lineno":9,"logger":"py.warnings"}
{"timestamp":"2026-03-04T08:40:44.799709Z","level":"warning","event":"The `airflow.decorators.task` attribute is deprecated. Please use `'airflow.sdk.task'`.","category":"DeprecatedImportWarning","filename":"/opt/airflow/dags/sftp_sync_dag.py","lineno":9,"logger":"py.warnings"}
{"timestamp":"2026-03-04T08:40:44.799737Z","level":"warning","event":"The `airflow.operators.python.get_current_context` attribute is deprecated. Please use `'airflow.sdk.get_current_context'`.","category":"DeprecatedImportWarning","filename":"/opt/airflow/dags/sftp_sync_dag.py","lineno":11,"logger":"py.warnings"}
{"timestamp":"2026-03-04T08:40:44.799761Z","level":"warning","event":"The `airflow.utils.trigger_rule.TriggerRule` attribute is deprecated. Please use `'airflow.task.trigger_rule.TriggerRule'`.","category":"DeprecatedImportWarning","filename":"/opt/airflow/dags/sftp_sync_dag.py","lineno":12,"logger":"py.warnings"}
{"timestamp":"2026-03-04T08:41:13.547560Z","level":"info","event":"Filling up the DagBag from /opt/airflow/dags/sftp_sync_dag.py","logger":"airflow.models.dagbag.BundleDagBag","filename":"dagbag.py","lineno":593}
{"timestamp":"2026-03-04T08:41:13.602228Z","level":"warning","event":"The `airflow.decorators.dag` attribute is deprecated. Please use `'airflow.sdk.dag'`.","category":"DeprecatedImportWarning","filename":"/opt/airflow/dags/sftp_sync_dag.py","lineno":9,"logger":"py.warnings"}
{"timestamp":"2026-03-04T08:41:13.602345Z","level":"warning","event":"The `airflow.decorators.task` attribute is deprecated. Please use `'airflow.sdk.task'`.","category":"DeprecatedImportWarning","filename":"/opt/airflow/dags/sftp_sync_dag.py","lineno":9,"logger":"py.warnings"}
{"timestamp":"2026-03-04T08:41:13.602418Z","level":"warning","event":"The `airflow.operators.python.get_current_context` attribute is deprecated. Please use `'airflow.sdk.get_current_context'`.","category":"DeprecatedImportWarning","filename":"/opt/airflow/dags/sftp_sync_dag.py","lineno":11,"logger":"py.warnings"}
{"timestamp":"2026-03-04T08:41:13.602591Z","level":"warning","event":"The `airflow.utils.trigger_rule.TriggerRule` attribute is deprecated. Please use `'airflow.task.trigger_rule.TriggerRule'`.","category":"DeprecatedImportWarning","filename":"/opt/airflow/dags/sftp_sync_dag.py","lineno":12,"logger":"py.warnings"}
{"timestamp":"2026-03-04T08:41:43.925209Z","level":"info","event":"Filling up the DagBag from /opt/airflow/dags/sftp_sync_dag.py","logger":"airflow.models.dagbag.BundleDagBag","filename":"dagbag.py","lineno":593}
{"timestamp":"2026-03-04T08:41:43.947183Z","level":"warning","event":"The `airflow.decorators.dag` attribute is deprecated. Please use `'airflow.sdk.dag'`.","category":"DeprecatedImportWarning","filename":"/opt/airflow/dags/sftp_sync_dag.py","lineno":9,"logger":"py.warnings"}
{"timestamp":"2026-03-04T08:41:43.947251Z","level":"warning","event":"The `airflow.decorators.task` attribute is deprecated. Please use `'airflow.sdk.task'`.","category":"DeprecatedImportWarning","filename":"/opt/airflow/dags/sftp_sync_dag.py","lineno":9,"logger":"py.warnings"}
{"timestamp":"2026-03-04T08:41:43.947276Z","level":"warning","event":"The `airflow.operators.python.get_current_context` attribute is deprecated. Please use `'airflow.sdk.get_current_context'`.","category":"DeprecatedImportWarning","filename":"/opt/airflow/dags/sftp_sync_dag.py","lineno":11,"logger":"py.warnings"}
{"timestamp":"2026-03-04T08:41:43.947297Z","level":"warning","event":"The `airflow.utils.trigger_rule.TriggerRule` attribute is deprecated. Please use `'airflow.task.trigger_rule.TriggerRule'`.","category":"DeprecatedImportWarning","filename":"/opt/airflow/dags/sftp_sync_dag.py","lineno":12,"logger":"py.warnings"}
{"timestamp":"2026-03-04T08:42:14.289928Z","level":"info","event":"Filling up the DagBag from /opt/airflow/dags/sftp_sync_dag.py","logger":"airflow.models.dagbag.BundleDagBag","filename":"dagbag.py","lineno":593}
{"timestamp":"2026-03-04T08:42:14.303046Z","level":"warning","event":"The `airflow.decorators.dag` attribute is deprecated. Please use `'airflow.sdk.dag'`.","category":"DeprecatedImportWarning","filename":"/opt/airflow/dags/sftp_sync_dag.py","lineno":9,"logger":"py.warnings"}
{"timestamp":"2026-03-04T08:42:14.303120Z","level":"warning","event":"The `airflow.decorators.task` attribute is deprecated. Please use `'airflow.sdk.task'`.","category":"DeprecatedImportWarning","filename":"/opt/airflow/dags/sftp_sync_dag.py","lineno":9,"logger":"py.warnings"}
{"timestamp":"2026-03-04T08:42:14.303161Z","level":"warning","event":"The `airflow.operators.python.get_current_context` attribute is deprecated. Please use `'airflow.sdk.get_current_context'`.","category":"DeprecatedImportWarning","filename":"/opt/airflow/dags/sftp_sync_dag.py","lineno":11,"logger":"py.warnings"}
{"timestamp":"2026-03-04T08:42:14.303195Z","level":"warning","event":"The `airflow.utils.trigger_rule.TriggerRule` attribute is deprecated. Please use `'airflow.task.trigger_rule.TriggerRule'`.","category":"DeprecatedImportWarning","filename":"/opt/airflow/dags/sftp_sync_dag.py","lineno":12,"logger":"py.warnings"}
{"timestamp":"2026-03-04T08:42:44.641251Z","level":"info","event":"Filling up the DagBag from /opt/airflow/dags/sftp_sync_dag.py","logger":"airflow.models.dagbag.BundleDagBag","filename":"dagbag.py","lineno":593}
{"timestamp":"2026-03-04T08:42:44.659062Z","level":"warning","event":"The `airflow.decorators.dag` attribute is deprecated. Please use `'airflow.sdk.dag'`.","category":"DeprecatedImportWarning","filename":"/opt/airflow/dags/sftp_sync_dag.py","lineno":9,"logger":"py.warnings"}
{"timestamp":"2026-03-04T08:42:44.659165Z","level":"warning","event":"The `airflow.decorators.task` attribute is deprecated. Please use `'airflow.sdk.task'`.","category":"DeprecatedImportWarning","filename":"/opt/airflow/dags/sftp_sync_dag.py","lineno":9,"logger":"py.warnings"}
{"timestamp":"2026-03-04T08:42:44.659208Z","level":"warning","event":"The `airflow.operators.python.get_current_context` attribute is deprecated. Please use `'airflow.sdk.get_current_context'`.","category":"DeprecatedImportWarning","filename":"/opt/airflow/dags/sftp_sync_dag.py","lineno":11,"logger":"py.warnings"}
{"timestamp":"2026-03-04T08:42:44.659240Z","level":"warning","event":"The `airflow.utils.trigger_rule.TriggerRule` attribute is deprecated. Please use `'airflow.task.trigger_rule.TriggerRule'`.","category":"DeprecatedImportWarning","filename":"/opt/airflow/dags/sftp_sync_dag.py","lineno":12,"logger":"py.warnings"}
{"timestamp":"2026-03-04T08:43:14.947944Z","level":"info","event":"Filling up the DagBag from /opt/airflow/dags/sftp_sync_dag.py","logger":"airflow.models.dagbag.BundleDagBag","filename":"dagbag.py","lineno":593}
{"timestamp":"2026-03-04T08:43:14.973684Z","level":"warning","event":"The `airflow.decorators.dag` attribute is deprecated. Please use `'airflow.sdk.dag'`.","category":"DeprecatedImportWarning","filename":"/opt/airflow/dags/sftp_sync_dag.py","lineno":9,"logger":"py.warnings"}
{"timestamp":"2026-03-04T08:43:14.973861Z","level":"warning","event":"The `airflow.decorators.task` attribute is deprecated. Please use `'airflow.sdk.task'`.","category":"DeprecatedImportWarning","filename":"/opt/airflow/dags/sftp_sync_dag.py","lineno":9,"logger":"py.warnings"}
{"timestamp":"2026-03-04T08:43:14.973892Z","level":"warning","event":"The `airflow.operators.python.get_current_context` attribute is deprecated. Please use `'airflow.sdk.get_current_context'`.","category":"DeprecatedImportWarning","filename":"/opt/airflow/dags/sftp_sync_dag.py","lineno":11,"logger":"py.warnings"}
{"timestamp":"2026-03-04T08:43:14.973916Z","level":"warning","event":"The `airflow.utils.trigger_rule.TriggerRule` attribute is deprecated. Please use `'airflow.task.trigger_rule.TriggerRule'`.","category":"DeprecatedImportWarning","filename":"/opt/airflow/dags/sftp_sync_dag.py","lineno":12,"logger":"py.warnings"}
{"timestamp":"2026-03-04T08:43:21.450168Z","level":"info","event":"Filling up the DagBag from /opt/airflow/dags/sftp_sync_dag.py","logger":"airflow.models.dagbag.BundleDagBag","filename":"dagbag.py","lineno":593}
{"timestamp":"2026-03-04T08:43:21.465382Z","level":"warning","event":"The `airflow.decorators.dag` attribute is deprecated. Please use `'airflow.sdk.dag'`.","category":"DeprecatedImportWarning","filename":"/opt/airflow/dags/sftp_sync_dag.py","lineno":11,"logger":"py.warnings"}
{"timestamp":"2026-03-04T08:43:21.465439Z","level":"warning","event":"The `airflow.decorators.task` attribute is deprecated. Please use `'airflow.sdk.task'`.","category":"DeprecatedImportWarning","filename":"/opt/airflow/dags/sftp_sync_dag.py","lineno":11,"logger":"py.warnings"}
{"timestamp":"2026-03-04T08:43:21.465469Z","level":"warning","event":"The `airflow.operators.python.get_current_context` attribute is deprecated. Please use `'airflow.sdk.get_current_context'`.","category":"DeprecatedImportWarning","filename":"/opt/airflow/dags/sftp_sync_dag.py","lineno":13,"logger":"py.warnings"}
{"timestamp":"2026-03-04T08:43:21.465505Z","level":"warning","event":"The `airflow.utils.trigger_rule.TriggerRule` attribute is deprecated. Please use `'airflow.task.trigger_rule.TriggerRule'`.","category":"DeprecatedImportWarning","filename":"/opt/airflow/dags/sftp_sync_dag.py","lineno":15,"logger":"py.warnings"}
{"timestamp":"2026-03-04T08:43:51.831054Z","level":"info","event":"Filling up the DagBag from /opt/airflow/dags/sftp_sync_dag.py","logger":"airflow.models.dagbag.BundleDagBag","filename":"dagbag.py","lineno":593}
{"timestamp":"2026-03-04T08:43:51.847312Z","level":"warning","event":"The `airflow.decorators.dag` attribute is deprecated. Please use `'airflow.sdk.dag'`.","category":"DeprecatedImportWarning","filename":"/opt/airflow/dags/sftp_sync_dag.py","lineno":11,"logger":"py.warnings"}
{"timestamp":"2026-03-04T08:43:51.847380Z","level":"warning","event":"The `airflow.decorators.task` attribute is deprecated. Please use `'airflow.sdk.task'`.","category":"DeprecatedImportWarning","filename":"/opt/airflow/dags/sftp_sync_dag.py","lineno":11,"logger":"py.warnings"}
{"timestamp":"2026-03-04T08:43:51.847414Z","level":"warning","event":"The `airflow.operators.python.get_current_context` attribute is deprecated. Please use `'airflow.sdk.get_current_context'`.","category":"DeprecatedImportWarning","filename":"/opt/airflow/dags/sftp_sync_dag.py","lineno":13,"logger":"py.warnings"}
{"timestamp":"2026-03-04T08:43:51.847443Z","level":"warning","event":"The `airflow.utils.trigger_rule.TriggerRule` attribute is deprecated. Please use `'airflow.task.trigger_rule.TriggerRule'`.","category":"DeprecatedImportWarning","filename":"/opt/airflow/dags/sftp_sync_dag.py","lineno":15,"logger":"py.warnings"}
{"timestamp":"2026-03-04T08:43:57.966313Z","level":"info","event":"Filling up the DagBag from /opt/airflow/dags/sftp_sync_dag.py","logger":"airflow.models.dagbag.BundleDagBag","filename":"dagbag.py","lineno":593}
{"timestamp":"2026-03-04T08:43:57.993873Z","level":"warning","event":"The `airflow.decorators.dag` attribute is deprecated. Please use `'airflow.sdk.dag'`.","category":"DeprecatedImportWarning","filename":"/opt/airflow/dags/sftp_sync_dag.py","lineno":11,"logger":"py.warnings"}
{"timestamp":"2026-03-04T08:43:57.993972Z","level":"warning","event":"The `airflow.decorators.task` attribute is deprecated. Please use `'airflow.sdk.task'`.","category":"DeprecatedImportWarning","filename":"/opt/airflow/dags/sftp_sync_dag.py","lineno":11,"logger":"py.warnings"}
{"timestamp":"2026-03-04T08:43:57.993999Z","level":"warning","event":"The `airflow.operators.python.get_current_context` attribute is deprecated. Please use `'airflow.sdk.get_current_context'`.","category":"DeprecatedImportWarning","filename":"/opt/airflow/dags/sftp_sync_dag.py","lineno":13,"logger":"py.warnings"}
{"timestamp":"2026-03-04T08:43:57.994022Z","level":"warning","event":"The `airflow.utils.trigger_rule.TriggerRule` attribute is deprecated. Please use `'airflow.task.trigger_rule.TriggerRule'`.","category":"DeprecatedImportWarning","filename":"/opt/airflow/dags/sftp_sync_dag.py","lineno":15,"logger":"py.warnings"}
{"timestamp":"2026-03-04T08:44:28.314791Z","level":"info","event":"Filling up the DagBag from /opt/airflow/dags/sftp_sync_dag.py","logger":"airflow.models.dagbag.BundleDagBag","filename":"dagbag.py","lineno":593}
{"timestamp":"2026-03-04T08:44:28.334192Z","level":"warning","event":"The `airflow.decorators.dag` attribute is deprecated. Please use `'airflow.sdk.dag'`.","category":"DeprecatedImportWarning","filename":"/opt/airflow/dags/sftp_sync_dag.py","lineno":11,"logger":"py.warnings"}
{"timestamp":"2026-03-04T08:44:28.334292Z","level":"warning","event":"The `airflow.decorators.task` attribute is deprecated. Please use `'airflow.sdk.task'`.","category":"DeprecatedImportWarning","filename":"/opt/airflow/dags/sftp_sync_dag.py","lineno":11,"logger":"py.warnings"}
{"timestamp":"2026-03-04T08:44:28.334327Z","level":"warning","event":"The `airflow.operators.python.get_current_context` attribute is deprecated. Please use `'airflow.sdk.get_current_context'`.","category":"DeprecatedImportWarning","filename":"/opt/airflow/dags/sftp_sync_dag.py","lineno":13,"logger":"py.warnings"}
{"timestamp":"2026-03-04T08:44:28.334367Z","level":"warning","event":"The `airflow.utils.trigger_rule.TriggerRule` attribute is deprecated. Please use `'airflow.task.trigger_rule.TriggerRule'`.","category":"DeprecatedImportWarning","filename":"/opt/airflow/dags/sftp_sync_dag.py","lineno":15,"logger":"py.warnings"}
{"timestamp":"2026-03-04T08:44:58.666482Z","level":"info","event":"Filling up the DagBag from /opt/airflow/dags/sftp_sync_dag.py","logger":"airflow.models.dagbag.BundleDagBag","filename":"dagbag.py","lineno":593}
{"timestamp":"2026-03-04T08:44:58.682585Z","level":"warning","event":"The `airflow.decorators.dag` attribute is deprecated. Please use `'airflow.sdk.dag'`.","category":"DeprecatedImportWarning","filename":"/opt/airflow/dags/sftp_sync_dag.py","lineno":11,"logger":"py.warnings"}
{"timestamp":"2026-03-04T08:44:58.682663Z","level":"warning","event":"The `airflow.decorators.task` attribute is deprecated. Please use `'airflow.sdk.task'`.","category":"DeprecatedImportWarning","filename":"/opt/airflow/dags/sftp_sync_dag.py","lineno":11,"logger":"py.warnings"}
{"timestamp":"2026-03-04T08:44:58.682696Z","level":"warning","event":"The `airflow.operators.python.get_current_context` attribute is deprecated. Please use `'airflow.sdk.get_current_context'`.","category":"DeprecatedImportWarning","filename":"/opt/airflow/dags/sftp_sync_dag.py","lineno":13,"logger":"py.warnings"}
{"timestamp":"2026-03-04T08:44:58.682718Z","level":"warning","event":"The `airflow.utils.trigger_rule.TriggerRule` attribute is deprecated. Please use `'airflow.task.trigger_rule.TriggerRule'`.","category":"DeprecatedImportWarning","filename":"/opt/airflow/dags/sftp_sync_dag.py","lineno":15,"logger":"py.warnings"}
{"timestamp":"2026-03-04T08:45:28.998479Z","level":"info","event":"Filling up the DagBag from /opt/airflow/dags/sftp_sync_dag.py","logger":"airflow.models.dagbag.BundleDagBag","filename":"dagbag.py","lineno":593}
{"timestamp":"2026-03-04T08:45:29.014244Z","level":"warning","event":"The `airflow.decorators.dag` attribute is deprecated. Please use `'airflow.sdk.dag'`.","category":"DeprecatedImportWarning","filename":"/opt/airflow/dags/sftp_sync_dag.py","lineno":11,"logger":"py.warnings"}
{"timestamp":"2026-03-04T08:45:29.014319Z","level":"warning","event":"The `airflow.decorators.task` attribute is deprecated. Please use `'airflow.sdk.task'`.","category":"DeprecatedImportWarning","filename":"/opt/airflow/dags/sftp_sync_dag.py","lineno":11,"logger":"py.warnings"}
{"timestamp":"2026-03-04T08:45:29.014350Z","level":"warning","event":"The `airflow.operators.python.get_current_context` attribute is deprecated. Please use `'airflow.sdk.get_current_context'`.","category":"DeprecatedImportWarning","filename":"/opt/airflow/dags/sftp_sync_dag.py","lineno":13,"logger":"py.warnings"}
{"timestamp":"2026-03-04T08:45:29.014377Z","level":"warning","event":"The `airflow.utils.trigger_rule.TriggerRule` attribute is deprecated. Please use `'airflow.task.trigger_rule.TriggerRule'`.","category":"DeprecatedImportWarning","filename":"/opt/airflow/dags/sftp_sync_dag.py","lineno":15,"logger":"py.warnings"}
{"timestamp":"2026-03-04T08:45:59.346356Z","level":"info","event":"Filling up the DagBag from /opt/airflow/dags/sftp_sync_dag.py","logger":"airflow.models.dagbag.BundleDagBag","filename":"dagbag.py","lineno":593}
{"timestamp":"2026-03-04T08:45:59.369283Z","level":"warning","event":"The `airflow.decorators.dag` attribute is deprecated. Please use `'airflow.sdk.dag'`.","category":"DeprecatedImportWarning","filename":"/opt/airflow/dags/sftp_sync_dag.py","lineno":11,"logger":"py.warnings"}
{"timestamp":"2026-03-04T08:45:59.369397Z","level":"warning","event":"The `airflow.decorators.task` attribute is deprecated. Please use `'airflow.sdk.task'`.","category":"DeprecatedImportWarning","filename":"/opt/airflow/dags/sftp_sync_dag.py","lineno":11,"logger":"py.warnings"}
{"timestamp":"2026-03-04T08:45:59.369424Z","level":"warning","event":"The `airflow.operators.python.get_current_context` attribute is deprecated. Please use `'airflow.sdk.get_current_context'`.","category":"DeprecatedImportWarning","filename":"/opt/airflow/dags/sftp_sync_dag.py","lineno":13,"logger":"py.warnings"}
{"timestamp":"2026-03-04T08:45:59.369447Z","level":"warning","event":"The `airflow.utils.trigger_rule.TriggerRule` attribute is deprecated. Please use `'airflow.task.trigger_rule.TriggerRule'`.","category":"DeprecatedImportWarning","filename":"/opt/airflow/dags/sftp_sync_dag.py","lineno":15,"logger":"py.warnings"}
{"timestamp":"2026-03-04T08:46:29.760680Z","level":"info","event":"Filling up the DagBag from /opt/airflow/dags/sftp_sync_dag.py","logger":"airflow.models.dagbag.BundleDagBag","filename":"dagbag.py","lineno":593}
{"timestamp":"2026-03-04T08:46:29.776869Z","level":"warning","event":"The `airflow.decorators.dag` attribute is deprecated. Please use `'airflow.sdk.dag'`.","category":"DeprecatedImportWarning","filename":"/opt/airflow/dags/sftp_sync_dag.py","lineno":11,"logger":"py.warnings"}
{"timestamp":"2026-03-04T08:46:29.776932Z","level":"warning","event":"The `airflow.decorators.task` attribute is deprecated. Please use `'airflow.sdk.task'`.","category":"DeprecatedImportWarning","filename":"/opt/airflow/dags/sftp_sync_dag.py","lineno":11,"logger":"py.warnings"}
{"timestamp":"2026-03-04T08:46:29.776965Z","level":"warning","event":"The `airflow.operators.python.get_current_context` attribute is deprecated. Please use `'airflow.sdk.get_current_context'`.","category":"DeprecatedImportWarning","filename":"/opt/airflow/dags/sftp_sync_dag.py","lineno":13,"logger":"py.warnings"}
{"timestamp":"2026-03-04T08:46:29.776992Z","level":"warning","event":"The `airflow.utils.trigger_rule.TriggerRule` attribute is deprecated. Please use `'airflow.task.trigger_rule.TriggerRule'`.","category":"DeprecatedImportWarning","filename":"/opt/airflow/dags/sftp_sync_dag.py","lineno":15,"logger":"py.warnings"}
{"timestamp":"2026-03-04T08:47:00.154467Z","level":"info","event":"Filling up the DagBag from /opt/airflow/dags/sftp_sync_dag.py","logger":"airflow.models.dagbag.BundleDagBag","filename":"dagbag.py","lineno":593}
{"timestamp":"2026-03-04T08:47:00.169924Z","level":"warning","event":"The `airflow.decorators.dag` attribute is deprecated. Please use `'airflow.sdk.dag'`.","category":"DeprecatedImportWarning","filename":"/opt/airflow/dags/sftp_sync_dag.py","lineno":11,"logger":"py.warnings"}
{"timestamp":"2026-03-04T08:47:00.169998Z","level":"warning","event":"The `airflow.decorators.task` attribute is deprecated. Please use `'airflow.sdk.task'`.","category":"DeprecatedImportWarning","filename":"/opt/airflow/dags/sftp_sync_dag.py","lineno":11,"logger":"py.warnings"}
{"timestamp":"2026-03-04T08:47:00.170031Z","level":"warning","event":"The `airflow.operators.python.get_current_context` attribute is deprecated. Please use `'airflow.sdk.get_current_context'`.","category":"DeprecatedImportWarning","filename":"/opt/airflow/dags/sftp_sync_dag.py","lineno":13,"logger":"py.warnings"}
{"timestamp":"2026-03-04T08:47:00.170058Z","level":"warning","event":"The `airflow.utils.trigger_rule.TriggerRule` attribute is deprecated. Please use `'airflow.task.trigger_rule.TriggerRule'`.","category":"DeprecatedImportWarning","filename":"/opt/airflow/dags/sftp_sync_dag.py","lineno":15,"logger":"py.warnings"}
{"timestamp":"2026-03-04T08:47:30.532565Z","level":"info","event":"Filling up the DagBag from /opt/airflow/dags/sftp_sync_dag.py","logger":"airflow.models.dagbag.BundleDagBag","filename":"dagbag.py","lineno":593}
{"timestamp":"2026-03-04T08:47:30.567674Z","level":"warning","event":"The `airflow.decorators.dag` attribute is deprecated. Please use `'airflow.sdk.dag'`.","category":"DeprecatedImportWarning","filename":"/opt/airflow/dags/sftp_sync_dag.py","lineno":11,"logger":"py.warnings"}
{"timestamp":"2026-03-04T08:47:30.567736Z","level":"warning","event":"The `airflow.decorators.task` attribute is deprecated. Please use `'airflow.sdk.task'`.","category":"DeprecatedImportWarning","filename":"/opt/airflow/dags/sftp_sync_dag.py","lineno":11,"logger":"py.warnings"}
{"timestamp":"2026-03-04T08:47:30.567763Z","level":"warning","event":"The `airflow.operators.python.get_current_context` attribute is deprecated. Please use `'airflow.sdk.get_current_context'`.","category":"DeprecatedImportWarning","filename":"/opt/airflow/dags/sftp_sync_dag.py","lineno":13,"logger":"py.warnings"}
{"timestamp":"2026-03-04T08:47:30.567786Z","level":"warning","event":"The `airflow.utils.trigger_rule.TriggerRule` attribute is deprecated. Please use `'airflow.task.trigger_rule.TriggerRule'`.","category":"DeprecatedImportWarning","filename":"/opt/airflow/dags/sftp_sync_dag.py","lineno":15,"logger":"py.warnings"}
{"timestamp":"2026-03-04T08:48:00.904921Z","level":"info","event":"Filling up the DagBag from /opt/airflow/dags/sftp_sync_dag.py","logger":"airflow.models.dagbag.BundleDagBag","filename":"dagbag.py","lineno":593}
{"timestamp":"2026-03-04T08:48:00.918888Z","level":"warning","event":"The `airflow.decorators.dag` attribute is deprecated. Please use `'airflow.sdk.dag'`.","category":"DeprecatedImportWarning","filename":"/opt/airflow/dags/sftp_sync_dag.py","lineno":11,"logger":"py.warnings"}
{"timestamp":"2026-03-04T08:48:00.918956Z","level":"warning","event":"The `airflow.decorators.task` attribute is deprecated. Please use `'airflow.sdk.task'`.","category":"DeprecatedImportWarning","filename":"/opt/airflow/dags/sftp_sync_dag.py","lineno":11,"logger":"py.warnings"}
{"timestamp":"2026-03-04T08:48:00.918989Z","level":"warning","event":"The `airflow.operators.python.get_current_context` attribute is deprecated. Please use `'airflow.sdk.get_current_context'`.","category":"DeprecatedImportWarning","filename":"/opt/airflow/dags/sftp_sync_dag.py","lineno":13,"logger":"py.warnings"}
{"timestamp":"2026-03-04T08:48:00.919017Z","level":"warning","event":"The `airflow.utils.trigger_rule.TriggerRule` attribute is deprecated. Please use `'airflow.task.trigger_rule.TriggerRule'`.","category":"DeprecatedImportWarning","filename":"/opt/airflow/dags/sftp_sync_dag.py","lineno":15,"logger":"py.warnings"}
{"timestamp":"2026-03-04T08:48:31.291254Z","level":"info","event":"Filling up the DagBag from /opt/airflow/dags/sftp_sync_dag.py","logger":"airflow.models.dagbag.BundleDagBag","filename":"dagbag.py","lineno":593}
{"timestamp":"2026-03-04T08:48:31.308913Z","level":"warning","event":"The `airflow.decorators.dag` attribute is deprecated. Please use `'airflow.sdk.dag'`.","category":"DeprecatedImportWarning","filename":"/opt/airflow/dags/sftp_sync_dag.py","lineno":11,"logger":"py.warnings"}
{"timestamp":"2026-03-04T08:48:31.308990Z","level":"warning","event":"The `airflow.decorators.task` attribute is deprecated. Please use `'airflow.sdk.task'`.","category":"DeprecatedImportWarning","filename":"/opt/airflow/dags/sftp_sync_dag.py","lineno":11,"logger":"py.warnings"}
{"timestamp":"2026-03-04T08:48:31.309021Z","level":"warning","event":"The `airflow.operators.python.get_current_context` attribute is deprecated. Please use `'airflow.sdk.get_current_context'`.","category":"DeprecatedImportWarning","filename":"/opt/airflow/dags/sftp_sync_dag.py","lineno":13,"logger":"py.warnings"}
{"timestamp":"2026-03-04T08:48:31.309048Z","level":"warning","event":"The `airflow.utils.trigger_rule.TriggerRule` attribute is deprecated. Please use `'airflow.task.trigger_rule.TriggerRule'`.","category":"DeprecatedImportWarning","filename":"/opt/airflow/dags/sftp_sync_dag.py","lineno":15,"logger":"py.warnings"}
{"timestamp":"2026-03-04T08:49:01.714991Z","level":"info","event":"Filling up the DagBag from /opt/airflow/dags/sftp_sync_dag.py","logger":"airflow.models.dagbag.BundleDagBag","filename":"dagbag.py","lineno":593}
{"timestamp":"2026-03-04T08:49:01.732730Z","level":"warning","event":"The `airflow.decorators.dag` attribute is deprecated. Please use `'airflow.sdk.dag'`.","category":"DeprecatedImportWarning","filename":"/opt/airflow/dags/sftp_sync_dag.py","lineno":11,"logger":"py.warnings"}
{"timestamp":"2026-03-04T08:49:01.732786Z","level":"warning","event":"The `airflow.decorators.task` attribute is deprecated. Please use `'airflow.sdk.task'`.","category":"DeprecatedImportWarning","filename":"/opt/airflow/dags/sftp_sync_dag.py","lineno":11,"logger":"py.warnings"}
{"timestamp":"2026-03-04T08:49:01.732814Z","level":"warning","event":"The `airflow.operators.python.get_current_context` attribute is deprecated. Please use `'airflow.sdk.get_current_context'`.","category":"DeprecatedImportWarning","filename":"/opt/airflow/dags/sftp_sync_dag.py","lineno":13,"logger":"py.warnings"}
{"timestamp":"2026-03-04T08:49:01.732838Z","level":"warning","event":"The `airflow.utils.trigger_rule.TriggerRule` attribute is deprecated. Please use `'airflow.task.trigger_rule.TriggerRule'`.","category":"DeprecatedImportWarning","filename":"/opt/airflow/dags/sftp_sync_dag.py","lineno":15,"logger":"py.warnings"}
{"timestamp":"2026-03-04T08:49:32.106339Z","level":"info","event":"Filling up the DagBag from /opt/airflow/dags/sftp_sync_dag.py","logger":"airflow.models.dagbag.BundleDagBag","filename":"dagbag.py","lineno":593}
{"timestamp":"2026-03-04T08:49:32.123244Z","level":"warning","event":"The `airflow.decorators.dag` attribute is deprecated. Please use `'airflow.sdk.dag'`.","category":"DeprecatedImportWarning","filename":"/opt/airflow/dags/sftp_sync_dag.py","lineno":11,"logger":"py.warnings"}
{"timestamp":"2026-03-04T08:49:32.123322Z","level":"warning","event":"The `airflow.decorators.task` attribute is deprecated. Please use `'airflow.sdk.task'`.","category":"DeprecatedImportWarning","filename":"/opt/airflow/dags/sftp_sync_dag.py","lineno":11,"logger":"py.warnings"}
{"timestamp":"2026-03-04T08:49:32.123356Z","level":"warning","event":"The `airflow.operators.python.get_current_context` attribute is deprecated. Please use `'airflow.sdk.get_current_context'`.","category":"DeprecatedImportWarning","filename":"/opt/airflow/dags/sftp_sync_dag.py","lineno":13,"logger":"py.warnings"}
{"timestamp":"2026-03-04T08:49:32.123399Z","level":"warning","event":"The `airflow.utils.trigger_rule.TriggerRule` attribute is deprecated. Please use `'airflow.task.trigger_rule.TriggerRule'`.","category":"DeprecatedImportWarning","filename":"/opt/airflow/dags/sftp_sync_dag.py","lineno":15,"logger":"py.warnings"}
{"timestamp":"2026-03-04T08:50:02.486383Z","level":"info","event":"Filling up the DagBag from /opt/airflow/dags/sftp_sync_dag.py","logger":"airflow.models.dagbag.BundleDagBag","filename":"dagbag.py","lineno":593}
{"timestamp":"2026-03-04T08:50:02.513635Z","level":"warning","event":"The `airflow.decorators.dag` attribute is deprecated. Please use `'airflow.sdk.dag'`.","category":"DeprecatedImportWarning","filename":"/opt/airflow/dags/sftp_sync_dag.py","lineno":11,"logger":"py.warnings"}
{"timestamp":"2026-03-04T08:50:02.513741Z","level":"warning","event":"The `airflow.decorators.task` attribute is deprecated. Please use `'airflow.sdk.task'`.","category":"DeprecatedImportWarning","filename":"/opt/airflow/dags/sftp_sync_dag.py","lineno":11,"logger":"py.warnings"}
{"timestamp":"2026-03-04T08:50:02.513795Z","level":"warning","event":"The `airflow.operators.python.get_current_context` attribute is deprecated. Please use `'airflow.sdk.get_current_context'`.","category":"DeprecatedImportWarning","filename":"/opt/airflow/dags/sftp_sync_dag.py","lineno":13,"logger":"py.warnings"}
{"timestamp":"2026-03-04T08:50:02.513844Z","level":"warning","event":"The `airflow.utils.trigger_rule.TriggerRule` attribute is deprecated. Please use `'airflow.task.trigger_rule.TriggerRule'`.","category":"DeprecatedImportWarning","filename":"/opt/airflow/dags/sftp_sync_dag.py","lineno":15,"logger":"py.warnings"}
{"timestamp":"2026-03-04T08:50:32.843332Z","level":"info","event":"Filling up the DagBag from /opt/airflow/dags/sftp_sync_dag.py","logger":"airflow.models.dagbag.BundleDagBag","filename":"dagbag.py","lineno":593}
{"timestamp":"2026-03-04T08:50:32.866038Z","level":"warning","event":"The `airflow.decorators.dag` attribute is deprecated. Please use `'airflow.sdk.dag'`.","category":"DeprecatedImportWarning","filename":"/opt/airflow/dags/sftp_sync_dag.py","lineno":11,"logger":"py.warnings"}
{"timestamp":"2026-03-04T08:50:32.866138Z","level":"warning","event":"The `airflow.decorators.task` attribute is deprecated. Please use `'airflow.sdk.task'`.","category":"DeprecatedImportWarning","filename":"/opt/airflow/dags/sftp_sync_dag.py","lineno":11,"logger":"py.warnings"}
{"timestamp":"2026-03-04T08:50:32.866169Z","level":"warning","event":"The `airflow.operators.python.get_current_context` attribute is deprecated. Please use `'airflow.sdk.get_current_context'`.","category":"DeprecatedImportWarning","filename":"/opt/airflow/dags/sftp_sync_dag.py","lineno":13,"logger":"py.warnings"}
{"timestamp":"2026-03-04T08:50:32.866200Z","level":"warning","event":"The `airflow.utils.trigger_rule.TriggerRule` attribute is deprecated. Please use `'airflow.task.trigger_rule.TriggerRule'`.","category":"DeprecatedImportWarning","filename":"/opt/airflow/dags/sftp_sync_dag.py","lineno":15,"logger":"py.warnings"}
{"timestamp":"2026-03-04T08:51:03.205982Z","level":"info","event":"Filling up the DagBag from /opt/airflow/dags/sftp_sync_dag.py","logger":"airflow.models.dagbag.BundleDagBag","filename":"dagbag.py","lineno":593}
{"timestamp":"2026-03-04T08:51:03.222812Z","level":"warning","event":"The `airflow.decorators.dag` attribute is deprecated. Please use `'airflow.sdk.dag'`.","category":"DeprecatedImportWarning","filename":"/opt/airflow/dags/sftp_sync_dag.py","lineno":11,"logger":"py.warnings"}
{"timestamp":"2026-03-04T08:51:03.222874Z","level":"warning","event":"The `airflow.decorators.task` attribute is deprecated. Please use `'airflow.sdk.task'`.","category":"DeprecatedImportWarning","filename":"/opt/airflow/dags/sftp_sync_dag.py","lineno":11,"logger":"py.warnings"}
{"timestamp":"2026-03-04T08:51:03.222904Z","level":"warning","event":"The `airflow.operators.python.get_current_context` attribute is deprecated. Please use `'airflow.sdk.get_current_context'`.","category":"DeprecatedImportWarning","filename":"/opt/airflow/dags/sftp_sync_dag.py","lineno":13,"logger":"py.warnings"}
{"timestamp":"2026-03-04T08:51:03.222930Z","level":"warning","event":"The `airflow.utils.trigger_rule.TriggerRule` attribute is deprecated. Please use `'airflow.task.trigger_rule.TriggerRule'`.","category":"DeprecatedImportWarning","filename":"/opt/airflow/dags/sftp_sync_dag.py","lineno":15,"logger":"py.warnings"}
{"timestamp":"2026-03-04T08:51:33.612788Z","level":"info","event":"Filling up the DagBag from /opt/airflow/dags/sftp_sync_dag.py","logger":"airflow.models.dagbag.BundleDagBag","filename":"dagbag.py","lineno":593}
{"timestamp":"2026-03-04T08:51:33.641612Z","level":"warning","event":"The `airflow.decorators.dag` attribute is deprecated. Please use `'airflow.sdk.dag'`.","category":"DeprecatedImportWarning","filename":"/opt/airflow/dags/sftp_sync_dag.py","lineno":11,"logger":"py.warnings"}
{"timestamp":"2026-03-04T08:51:33.641686Z","level":"warning","event":"The `airflow.decorators.task` attribute is deprecated. Please use `'airflow.sdk.task'`.","category":"DeprecatedImportWarning","filename":"/opt/airflow/dags/sftp_sync_dag.py","lineno":11,"logger":"py.warnings"}
{"timestamp":"2026-03-04T08:51:33.641722Z","level":"warning","event":"The `airflow.operators.python.get_current_context` attribute is deprecated. Please use `'airflow.sdk.get_current_context'`.","category":"DeprecatedImportWarning","filename":"/opt/airflow/dags/sftp_sync_dag.py","lineno":13,"logger":"py.warnings"}
{"timestamp":"2026-03-04T08:51:33.641746Z","level":"warning","event":"The `airflow.utils.trigger_rule.TriggerRule` attribute is deprecated. Please use `'airflow.task.trigger_rule.TriggerRule'`.","category":"DeprecatedImportWarning","filename":"/opt/airflow/dags/sftp_sync_dag.py","lineno":15,"logger":"py.warnings"}
{"timestamp":"2026-03-04T08:52:03.926266Z","level":"info","event":"Filling up the DagBag from /opt/airflow/dags/sftp_sync_dag.py","logger":"airflow.models.dagbag.BundleDagBag","filename":"dagbag.py","lineno":593}
{"timestamp":"2026-03-04T08:52:03.940824Z","level":"warning","event":"The `airflow.decorators.dag` attribute is deprecated. Please use `'airflow.sdk.dag'`.","category":"DeprecatedImportWarning","filename":"/opt/airflow/dags/sftp_sync_dag.py","lineno":11,"logger":"py.warnings"}
{"timestamp":"2026-03-04T08:52:03.940889Z","level":"warning","event":"The `airflow.decorators.task` attribute is deprecated. Please use `'airflow.sdk.task'`.","category":"DeprecatedImportWarning","filename":"/opt/airflow/dags/sftp_sync_dag.py","lineno":11,"logger":"py.warnings"}
{"timestamp":"2026-03-04T08:52:03.940919Z","level":"warning","event":"The `airflow.operators.python.get_current_context` attribute is deprecated. Please use `'airflow.sdk.get_current_context'`.","category":"DeprecatedImportWarning","filename":"/opt/airflow/dags/sftp_sync_dag.py","lineno":13,"logger":"py.warnings"}
{"timestamp":"2026-03-04T08:52:03.940954Z","level":"warning","event":"The `airflow.utils.trigger_rule.TriggerRule` attribute is deprecated. Please use `'airflow.task.trigger_rule.TriggerRule'`.","category":"DeprecatedImportWarning","filename":"/opt/airflow/dags/sftp_sync_dag.py","lineno":15,"logger":"py.warnings"}
{"timestamp":"2026-03-04T08:52:34.271976Z","level":"info","event":"Filling up the DagBag from /opt/airflow/dags/sftp_sync_dag.py","logger":"airflow.models.dagbag.BundleDagBag","filename":"dagbag.py","lineno":593}
{"timestamp":"2026-03-04T08:52:34.286845Z","level":"warning","event":"The `airflow.decorators.dag` attribute is deprecated. Please use `'airflow.sdk.dag'`.","category":"DeprecatedImportWarning","filename":"/opt/airflow/dags/sftp_sync_dag.py","lineno":11,"logger":"py.warnings"}
{"timestamp":"2026-03-04T08:52:34.286926Z","level":"warning","event":"The `airflow.decorators.task` attribute is deprecated. Please use `'airflow.sdk.task'`.","category":"DeprecatedImportWarning","filename":"/opt/airflow/dags/sftp_sync_dag.py","lineno":11,"logger":"py.warnings"}
{"timestamp":"2026-03-04T08:52:34.286959Z","level":"warning","event":"The `airflow.operators.python.get_current_context` attribute is deprecated. Please use `'airflow.sdk.get_current_context'`.","category":"DeprecatedImportWarning","filename":"/opt/airflow/dags/sftp_sync_dag.py","lineno":13,"logger":"py.warnings"}
{"timestamp":"2026-03-04T08:52:34.286985Z","level":"warning","event":"The `airflow.utils.trigger_rule.TriggerRule` attribute is deprecated. Please use `'airflow.task.trigger_rule.TriggerRule'`.","category":"DeprecatedImportWarning","filename":"/opt/airflow/dags/sftp_sync_dag.py","lineno":15,"logger":"py.warnings"}
{"timestamp":"2026-03-04T08:53:04.615971Z","level":"info","event":"Filling up the DagBag from /opt/airflow/dags/sftp_sync_dag.py","logger":"airflow.models.dagbag.BundleDagBag","filename":"dagbag.py","lineno":593}
{"timestamp":"2026-03-04T08:53:04.634042Z","level":"warning","event":"The `airflow.decorators.dag` attribute is deprecated. Please use `'airflow.sdk.dag'`.","category":"DeprecatedImportWarning","filename":"/opt/airflow/dags/sftp_sync_dag.py","lineno":11,"logger":"py.warnings"}
{"timestamp":"2026-03-04T08:53:04.634113Z","level":"warning","event":"The `airflow.decorators.task` attribute is deprecated. Please use `'airflow.sdk.task'`.","category":"DeprecatedImportWarning","filename":"/opt/airflow/dags/sftp_sync_dag.py","lineno":11,"logger":"py.warnings"}
{"timestamp":"2026-03-04T08:53:04.634144Z","level":"warning","event":"The `airflow.operators.python.get_current_context` attribute is deprecated. Please use `'airflow.sdk.get_current_context'`.","category":"DeprecatedImportWarning","filename":"/opt/airflow/dags/sftp_sync_dag.py","lineno":13,"logger":"py.warnings"}
{"timestamp":"2026-03-04T08:53:04.634171Z","level":"warning","event":"The `airflow.utils.trigger_rule.TriggerRule` attribute is deprecated. Please use `'airflow.task.trigger_rule.TriggerRule'`.","category":"DeprecatedImportWarning","filename":"/opt/airflow/dags/sftp_sync_dag.py","lineno":15,"logger":"py.warnings"}
{"timestamp":"2026-03-04T08:53:34.951119Z","level":"info","event":"Filling up the DagBag from /opt/airflow/dags/sftp_sync_dag.py","logger":"airflow.models.dagbag.BundleDagBag","filename":"dagbag.py","lineno":593}
{"timestamp":"2026-03-04T08:53:34.963768Z","level":"warning","event":"The `airflow.decorators.dag` attribute is deprecated. Please use `'airflow.sdk.dag'`.","category":"DeprecatedImportWarning","filename":"/opt/airflow/dags/sftp_sync_dag.py","lineno":11,"logger":"py.warnings"}
{"timestamp":"2026-03-04T08:53:34.963832Z","level":"warning","event":"The `airflow.decorators.task` attribute is deprecated. Please use `'airflow.sdk.task'`.","category":"DeprecatedImportWarning","filename":"/opt/airflow/dags/sftp_sync_dag.py","lineno":11,"logger":"py.warnings"}
{"timestamp":"2026-03-04T08:53:34.963862Z","level":"warning","event":"The `airflow.operators.python.get_current_context` attribute is deprecated. Please use `'airflow.sdk.get_current_context'`.","category":"DeprecatedImportWarning","filename":"/opt/airflow/dags/sftp_sync_dag.py","lineno":13,"logger":"py.warnings"}
{"timestamp":"2026-03-04T08:53:34.963887Z","level":"warning","event":"The `airflow.utils.trigger_rule.TriggerRule` attribute is deprecated. Please use `'airflow.task.trigger_rule.TriggerRule'`.","category":"DeprecatedImportWarning","filename":"/opt/airflow/dags/sftp_sync_dag.py","lineno":15,"logger":"py.warnings"}
{"timestamp":"2026-03-04T08:54:05.282891Z","level":"info","event":"Filling up the DagBag from /opt/airflow/dags/sftp_sync_dag.py","logger":"airflow.models.dagbag.BundleDagBag","filename":"dagbag.py","lineno":593}
{"timestamp":"2026-03-04T08:54:05.295603Z","level":"warning","event":"The `airflow.decorators.dag` attribute is deprecated. Please use `'airflow.sdk.dag'`.","category":"DeprecatedImportWarning","filename":"/opt/airflow/dags/sftp_sync_dag.py","lineno":11,"logger":"py.warnings"}
{"timestamp":"2026-03-04T08:54:05.295680Z","level":"warning","event":"The `airflow.decorators.task` attribute is deprecated. Please use `'airflow.sdk.task'`.","category":"DeprecatedImportWarning","filename":"/opt/airflow/dags/sftp_sync_dag.py","lineno":11,"logger":"py.warnings"}
{"timestamp":"2026-03-04T08:54:05.295713Z","level":"warning","event":"The `airflow.operators.python.get_current_context` attribute is deprecated. Please use `'airflow.sdk.get_current_context'`.","category":"DeprecatedImportWarning","filename":"/opt/airflow/dags/sftp_sync_dag.py","lineno":13,"logger":"py.warnings"}
{"timestamp":"2026-03-04T08:54:05.295742Z","level":"warning","event":"The `airflow.utils.trigger_rule.TriggerRule` attribute is deprecated. Please use `'airflow.task.trigger_rule.TriggerRule'`.","category":"DeprecatedImportWarning","filename":"/opt/airflow/dags/sftp_sync_dag.py","lineno":15,"logger":"py.warnings"}
{"timestamp":"2026-03-04T08:54:35.653341Z","level":"info","event":"Filling up the DagBag from /opt/airflow/dags/sftp_sync_dag.py","logger":"airflow.models.dagbag.BundleDagBag","filename":"dagbag.py","lineno":593}
{"timestamp":"2026-03-04T08:54:35.668701Z","level":"warning","event":"The `airflow.decorators.dag` attribute is deprecated. Please use `'airflow.sdk.dag'`.","category":"DeprecatedImportWarning","filename":"/opt/airflow/dags/sftp_sync_dag.py","lineno":11,"logger":"py.warnings"}
{"timestamp":"2026-03-04T08:54:35.668769Z","level":"warning","event":"The `airflow.decorators.task` attribute is deprecated. Please use `'airflow.sdk.task'`.","category":"DeprecatedImportWarning","filename":"/opt/airflow/dags/sftp_sync_dag.py","lineno":11,"logger":"py.warnings"}
{"timestamp":"2026-03-04T08:54:35.668813Z","level":"warning","event":"The `airflow.operators.python.get_current_context` attribute is deprecated. Please use `'airflow.sdk.get_current_context'`.","category":"DeprecatedImportWarning","filename":"/opt/airflow/dags/sftp_sync_dag.py","lineno":13,"logger":"py.warnings"}
{"timestamp":"2026-03-04T08:54:35.668840Z","level":"warning","event":"The `airflow.utils.trigger_rule.TriggerRule` attribute is deprecated. Please use `'airflow.task.trigger_rule.TriggerRule'`.","category":"DeprecatedImportWarning","filename":"/opt/airflow/dags/sftp_sync_dag.py","lineno":15,"logger":"py.warnings"}
{"timestamp":"2026-03-04T08:55:06.036087Z","level":"info","event":"Filling up the DagBag from /opt/airflow/dags/sftp_sync_dag.py","logger":"airflow.models.dagbag.BundleDagBag","filename":"dagbag.py","lineno":593}
{"timestamp":"2026-03-04T08:55:06.050573Z","level":"warning","event":"The `airflow.decorators.dag` attribute is deprecated. Please use `'airflow.sdk.dag'`.","category":"DeprecatedImportWarning","filename":"/opt/airflow/dags/sftp_sync_dag.py","lineno":11,"logger":"py.warnings"}
{"timestamp":"2026-03-04T08:55:06.050634Z","level":"warning","event":"The `airflow.decorators.task` attribute is deprecated. Please use `'airflow.sdk.task'`.","category":"DeprecatedImportWarning","filename":"/opt/airflow/dags/sftp_sync_dag.py","lineno":11,"logger":"py.warnings"}
{"timestamp":"2026-03-04T08:55:06.050662Z","level":"warning","event":"The `airflow.operators.python.get_current_context` attribute is deprecated. Please use `'airflow.sdk.get_current_context'`.","category":"DeprecatedImportWarning","filename":"/opt/airflow/dags/sftp_sync_dag.py","lineno":13,"logger":"py.warnings"}
{"timestamp":"2026-03-04T08:55:06.050687Z","level":"warning","event":"The `airflow.utils.trigger_rule.TriggerRule` attribute is deprecated. Please use `'airflow.task.trigger_rule.TriggerRule'`.","category":"DeprecatedImportWarning","filename":"/opt/airflow/dags/sftp_sync_dag.py","lineno":15,"logger":"py.warnings"}
{"timestamp":"2026-03-04T08:55:36.402992Z","level":"info","event":"Filling up the DagBag from /opt/airflow/dags/sftp_sync_dag.py","logger":"airflow.models.dagbag.BundleDagBag","filename":"dagbag.py","lineno":593}
{"timestamp":"2026-03-04T08:55:36.427708Z","level":"warning","event":"The `airflow.decorators.dag` attribute is deprecated. Please use `'airflow.sdk.dag'`.","category":"DeprecatedImportWarning","filename":"/opt/airflow/dags/sftp_sync_dag.py","lineno":11,"logger":"py.warnings"}
{"timestamp":"2026-03-04T08:55:36.427817Z","level":"warning","event":"The `airflow.decorators.task` attribute is deprecated. Please use `'airflow.sdk.task'`.","category":"DeprecatedImportWarning","filename":"/opt/airflow/dags/sftp_sync_dag.py","lineno":11,"logger":"py.warnings"}
{"timestamp":"2026-03-04T08:55:36.427850Z","level":"warning","event":"The `airflow.operators.python.get_current_context` attribute is deprecated. Please use `'airflow.sdk.get_current_context'`.","category":"DeprecatedImportWarning","filename":"/opt/airflow/dags/sftp_sync_dag.py","lineno":13,"logger":"py.warnings"}
{"timestamp":"2026-03-04T08:55:36.427876Z","level":"warning","event":"The `airflow.utils.trigger_rule.TriggerRule` attribute is deprecated. Please use `'airflow.task.trigger_rule.TriggerRule'`.","category":"DeprecatedImportWarning","filename":"/opt/airflow/dags/sftp_sync_dag.py","lineno":15,"logger":"py.warnings"}
{"timestamp":"2026-03-04T08:55:45.564075Z","level":"info","event":"Filling up the DagBag from /opt/airflow/dags/sftp_sync_dag.py","logger":"airflow.models.dagbag.BundleDagBag","filename":"dagbag.py","lineno":593}
{"timestamp":"2026-03-04T08:55:45.589830Z","level":"warning","event":"The `airflow.decorators.dag` attribute is deprecated. Please use `'airflow.sdk.dag'`.","category":"DeprecatedImportWarning","filename":"/opt/airflow/dags/sftp_sync_dag.py","lineno":11,"logger":"py.warnings"}
{"timestamp":"2026-03-04T08:55:45.589956Z","level":"warning","event":"The `airflow.decorators.task` attribute is deprecated. Please use `'airflow.sdk.task'`.","category":"DeprecatedImportWarning","filename":"/opt/airflow/dags/sftp_sync_dag.py","lineno":11,"logger":"py.warnings"}
{"timestamp":"2026-03-04T08:55:45.589987Z","level":"warning","event":"The `airflow.operators.python.get_current_context` attribute is deprecated. Please use `'airflow.sdk.get_current_context'`.","category":"DeprecatedImportWarning","filename":"/opt/airflow/dags/sftp_sync_dag.py","lineno":13,"logger":"py.warnings"}
{"timestamp":"2026-03-04T08:55:45.590014Z","level":"warning","event":"The `airflow.utils.trigger_rule.TriggerRule` attribute is deprecated. Please use `'airflow.task.trigger_rule.TriggerRule'`.","category":"DeprecatedImportWarning","filename":"/opt/airflow/dags/sftp_sync_dag.py","lineno":15,"logger":"py.warnings"}
{"timestamp":"2026-03-04T08:55:47.654272Z","level":"info","event":"Filling up the DagBag from /opt/airflow/dags/sftp_sync_dag.py","logger":"airflow.models.dagbag.BundleDagBag","filename":"dagbag.py","lineno":593}
{"timestamp":"2026-03-04T08:55:47.681473Z","level":"warning","event":"The `airflow.decorators.dag` attribute is deprecated. Please use `'airflow.sdk.dag'`.","category":"DeprecatedImportWarning","filename":"/opt/airflow/dags/sftp_sync_dag.py","lineno":11,"logger":"py.warnings"}
{"timestamp":"2026-03-04T08:55:47.681587Z","level":"warning","event":"The `airflow.decorators.task` attribute is deprecated. Please use `'airflow.sdk.task'`.","category":"DeprecatedImportWarning","filename":"/opt/airflow/dags/sftp_sync_dag.py","lineno":11,"logger":"py.warnings"}
{"timestamp":"2026-03-04T08:55:47.681623Z","level":"warning","event":"The `airflow.operators.python.get_current_context` attribute is deprecated. Please use `'airflow.sdk.get_current_context'`.","category":"DeprecatedImportWarning","filename":"/opt/airflow/dags/sftp_sync_dag.py","lineno":13,"logger":"py.warnings"}
{"timestamp":"2026-03-04T08:55:47.681650Z","level":"warning","event":"The `airflow.utils.trigger_rule.TriggerRule` attribute is deprecated. Please use `'airflow.task.trigger_rule.TriggerRule'`.","category":"DeprecatedImportWarning","filename":"/opt/airflow/dags/sftp_sync_dag.py","lineno":15,"logger":"py.warnings"}
{"timestamp":"2026-03-04T08:56:18.033882Z","level":"info","event":"Filling up the DagBag from /opt/airflow/dags/sftp_sync_dag.py","logger":"airflow.models.dagbag.BundleDagBag","filename":"dagbag.py","lineno":593}
{"timestamp":"2026-03-04T08:56:18.052804Z","level":"warning","event":"The `airflow.decorators.dag` attribute is deprecated. Please use `'airflow.sdk.dag'`.","category":"DeprecatedImportWarning","filename":"/opt/airflow/dags/sftp_sync_dag.py","lineno":11,"logger":"py.warnings"}
{"timestamp":"2026-03-04T08:56:18.052905Z","level":"warning","event":"The `airflow.decorators.task` attribute is deprecated. Please use `'airflow.sdk.task'`.","category":"DeprecatedImportWarning","filename":"/opt/airflow/dags/sftp_sync_dag.py","lineno":11,"logger":"py.warnings"}
{"timestamp":"2026-03-04T08:56:18.052938Z","level":"warning","event":"The `airflow.operators.python.get_current_context` attribute is deprecated. Please use `'airflow.sdk.get_current_context'`.","category":"DeprecatedImportWarning","filename":"/opt/airflow/dags/sftp_sync_dag.py","lineno":13,"logger":"py.warnings"}
{"timestamp":"2026-03-04T08:56:18.052976Z","level":"warning","event":"The `airflow.utils.trigger_rule.TriggerRule` attribute is deprecated. Please use `'airflow.task.trigger_rule.TriggerRule'`.","category":"DeprecatedImportWarning","filename":"/opt/airflow/dags/sftp_sync_dag.py","lineno":15,"logger":"py.warnings"}
{"timestamp":"2026-03-04T08:56:20.121810Z","level":"info","event":"Filling up the DagBag from /opt/airflow/dags/sftp_sync_dag.py","logger":"airflow.models.dagbag.BundleDagBag","filename":"dagbag.py","lineno":593}
{"timestamp":"2026-03-04T08:56:20.152771Z","level":"warning","event":"The `airflow.decorators.dag` attribute is deprecated. Please use `'airflow.sdk.dag'`.","category":"DeprecatedImportWarning","filename":"/opt/airflow/dags/sftp_sync_dag.py","lineno":11,"logger":"py.warnings"}
{"timestamp":"2026-03-04T08:56:20.152884Z","level":"warning","event":"The `airflow.decorators.task` attribute is deprecated. Please use `'airflow.sdk.task'`.","category":"DeprecatedImportWarning","filename":"/opt/airflow/dags/sftp_sync_dag.py","lineno":11,"logger":"py.warnings"}
{"timestamp":"2026-03-04T08:56:20.152932Z","level":"warning","event":"The `airflow.operators.python.get_current_context` attribute is deprecated. Please use `'airflow.sdk.get_current_context'`.","category":"DeprecatedImportWarning","filename":"/opt/airflow/dags/sftp_sync_dag.py","lineno":13,"logger":"py.warnings"}
{"timestamp":"2026-03-04T08:56:20.152983Z","level":"warning","event":"The `airflow.utils.trigger_rule.TriggerRule` attribute is deprecated. Please use `'airflow.task.trigger_rule.TriggerRule'`.","category":"DeprecatedImportWarning","filename":"/opt/airflow/dags/sftp_sync_dag.py","lineno":15,"logger":"py.warnings"}
{"timestamp":"2026-03-04T08:56:50.491997Z","level":"info","event":"Filling up the DagBag from /opt/airflow/dags/sftp_sync_dag.py","logger":"airflow.models.dagbag.BundleDagBag","filename":"dagbag.py","lineno":593}
{"timestamp":"2026-03-04T08:56:50.505726Z","level":"warning","event":"The `airflow.decorators.dag` attribute is deprecated. Please use `'airflow.sdk.dag'`.","category":"DeprecatedImportWarning","filename":"/opt/airflow/dags/sftp_sync_dag.py","lineno":11,"logger":"py.warnings"}
{"timestamp":"2026-03-04T08:56:50.505794Z","level":"warning","event":"The `airflow.decorators.task` attribute is deprecated. Please use `'airflow.sdk.task'`.","category":"DeprecatedImportWarning","filename":"/opt/airflow/dags/sftp_sync_dag.py","lineno":11,"logger":"py.warnings"}
{"timestamp":"2026-03-04T08:56:50.505826Z","level":"warning","event":"The `airflow.operators.python.get_current_context` attribute is deprecated. Please use `'airflow.sdk.get_current_context'`.","category":"DeprecatedImportWarning","filename":"/opt/airflow/dags/sftp_sync_dag.py","lineno":13,"logger":"py.warnings"}
{"timestamp":"2026-03-04T08:56:50.505853Z","level":"warning","event":"The `airflow.utils.trigger_rule.TriggerRule` attribute is deprecated. Please use `'airflow.task.trigger_rule.TriggerRule'`.","category":"DeprecatedImportWarning","filename":"/opt/airflow/dags/sftp_sync_dag.py","lineno":15,"logger":"py.warnings"}
{"timestamp":"2026-03-04T08:57:20.848418Z","level":"info","event":"Filling up the DagBag from /opt/airflow/dags/sftp_sync_dag.py","logger":"airflow.models.dagbag.BundleDagBag","filename":"dagbag.py","lineno":593}
{"timestamp":"2026-03-04T08:57:20.862803Z","level":"warning","event":"The `airflow.decorators.dag` attribute is deprecated. Please use `'airflow.sdk.dag'`.","category":"DeprecatedImportWarning","filename":"/opt/airflow/dags/sftp_sync_dag.py","lineno":11,"logger":"py.warnings"}
{"timestamp":"2026-03-04T08:57:20.862863Z","level":"warning","event":"The `airflow.decorators.task` attribute is deprecated. Please use `'airflow.sdk.task'`.","category":"DeprecatedImportWarning","filename":"/opt/airflow/dags/sftp_sync_dag.py","lineno":11,"logger":"py.warnings"}
{"timestamp":"2026-03-04T08:57:20.862890Z","level":"warning","event":"The `airflow.operators.python.get_current_context` attribute is deprecated. Please use `'airflow.sdk.get_current_context'`.","category":"DeprecatedImportWarning","filename":"/opt/airflow/dags/sftp_sync_dag.py","lineno":13,"logger":"py.warnings"}
{"timestamp":"2026-03-04T08:57:20.862915Z","level":"warning","event":"The `airflow.utils.trigger_rule.TriggerRule` attribute is deprecated. Please use `'airflow.task.trigger_rule.TriggerRule'`.","category":"DeprecatedImportWarning","filename":"/opt/airflow/dags/sftp_sync_dag.py","lineno":15,"logger":"py.warnings"}
{"timestamp":"2026-03-04T08:57:51.170247Z","level":"info","event":"Filling up the DagBag from /opt/airflow/dags/sftp_sync_dag.py","logger":"airflow.models.dagbag.BundleDagBag","filename":"dagbag.py","lineno":593}
{"timestamp":"2026-03-04T08:57:51.181893Z","level":"warning","event":"The `airflow.decorators.dag` attribute is deprecated. Please use `'airflow.sdk.dag'`.","category":"DeprecatedImportWarning","filename":"/opt/airflow/dags/sftp_sync_dag.py","lineno":11,"logger":"py.warnings"}
{"timestamp":"2026-03-04T08:57:51.181973Z","level":"warning","event":"The `airflow.decorators.task` attribute is deprecated. Please use `'airflow.sdk.task'`.","category":"DeprecatedImportWarning","filename":"/opt/airflow/dags/sftp_sync_dag.py","lineno":11,"logger":"py.warnings"}
{"timestamp":"2026-03-04T08:57:51.182006Z","level":"warning","event":"The `airflow.operators.python.get_current_context` attribute is deprecated. Please use `'airflow.sdk.get_current_context'`.","category":"DeprecatedImportWarning","filename":"/opt/airflow/dags/sftp_sync_dag.py","lineno":13,"logger":"py.warnings"}
{"timestamp":"2026-03-04T08:57:51.182032Z","level":"warning","event":"The `airflow.utils.trigger_rule.TriggerRule` attribute is deprecated. Please use `'airflow.task.trigger_rule.TriggerRule'`.","category":"DeprecatedImportWarning","filename":"/opt/airflow/dags/sftp_sync_dag.py","lineno":15,"logger":"py.warnings"}
{"timestamp":"2026-03-04T08:58:21.540713Z","level":"info","event":"Filling up the DagBag from /opt/airflow/dags/sftp_sync_dag.py","logger":"airflow.models.dagbag.BundleDagBag","filename":"dagbag.py","lineno":593}
{"timestamp":"2026-03-04T08:58:21.552325Z","level":"warning","event":"The `airflow.decorators.dag` attribute is deprecated. Please use `'airflow.sdk.dag'`.","category":"DeprecatedImportWarning","filename":"/opt/airflow/dags/sftp_sync_dag.py","lineno":11,"logger":"py.warnings"}
{"timestamp":"2026-03-04T08:58:21.552390Z","level":"warning","event":"The `airflow.decorators.task` attribute is deprecated. Please use `'airflow.sdk.task'`.","category":"DeprecatedImportWarning","filename":"/opt/airflow/dags/sftp_sync_dag.py","lineno":11,"logger":"py.warnings"}
{"timestamp":"2026-03-04T08:58:21.552424Z","level":"warning","event":"The `airflow.operators.python.get_current_context` attribute is deprecated. Please use `'airflow.sdk.get_current_context'`.","category":"DeprecatedImportWarning","filename":"/opt/airflow/dags/sftp_sync_dag.py","lineno":13,"logger":"py.warnings"}
{"timestamp":"2026-03-04T08:58:21.552453Z","level":"warning","event":"The `airflow.utils.trigger_rule.TriggerRule` attribute is deprecated. Please use `'airflow.task.trigger_rule.TriggerRule'`.","category":"DeprecatedImportWarning","filename":"/opt/airflow/dags/sftp_sync_dag.py","lineno":15,"logger":"py.warnings"}
{"timestamp":"2026-03-04T08:58:51.964317Z","level":"info","event":"Filling up the DagBag from /opt/airflow/dags/sftp_sync_dag.py","logger":"airflow.models.dagbag.BundleDagBag","filename":"dagbag.py","lineno":593}
{"timestamp":"2026-03-04T08:58:51.981009Z","level":"warning","event":"The `airflow.decorators.dag` attribute is deprecated. Please use `'airflow.sdk.dag'`.","category":"DeprecatedImportWarning","filename":"/opt/airflow/dags/sftp_sync_dag.py","lineno":11,"logger":"py.warnings"}
{"timestamp":"2026-03-04T08:58:51.981082Z","level":"warning","event":"The `airflow.decorators.task` attribute is deprecated. Please use `'airflow.sdk.task'`.","category":"DeprecatedImportWarning","filename":"/opt/airflow/dags/sftp_sync_dag.py","lineno":11,"logger":"py.warnings"}
{"timestamp":"2026-03-04T08:58:51.981122Z","level":"warning","event":"The `airflow.operators.python.get_current_context` attribute is deprecated. Please use `'airflow.sdk.get_current_context'`.","category":"DeprecatedImportWarning","filename":"/opt/airflow/dags/sftp_sync_dag.py","lineno":13,"logger":"py.warnings"}
{"timestamp":"2026-03-04T08:58:51.981147Z","level":"warning","event":"The `airflow.utils.trigger_rule.TriggerRule` attribute is deprecated. Please use `'airflow.task.trigger_rule.TriggerRule'`.","category":"DeprecatedImportWarning","filename":"/opt/airflow/dags/sftp_sync_dag.py","lineno":15,"logger":"py.warnings"}
{"timestamp":"2026-03-04T08:59:22.334345Z","level":"info","event":"Filling up the DagBag from /opt/airflow/dags/sftp_sync_dag.py","logger":"airflow.models.dagbag.BundleDagBag","filename":"dagbag.py","lineno":593}
{"timestamp":"2026-03-04T08:59:22.349763Z","level":"warning","event":"The `airflow.decorators.dag` attribute is deprecated. Please use `'airflow.sdk.dag'`.","category":"DeprecatedImportWarning","filename":"/opt/airflow/dags/sftp_sync_dag.py","lineno":11,"logger":"py.warnings"}
{"timestamp":"2026-03-04T08:59:22.349824Z","level":"warning","event":"The `airflow.decorators.task` attribute is deprecated. Please use `'airflow.sdk.task'`.","category":"DeprecatedImportWarning","filename":"/opt/airflow/dags/sftp_sync_dag.py","lineno":11,"logger":"py.warnings"}
{"timestamp":"2026-03-04T08:59:22.349852Z","level":"warning","event":"The `airflow.operators.python.get_current_context` attribute is deprecated. Please use `'airflow.sdk.get_current_context'`.","category":"DeprecatedImportWarning","filename":"/opt/airflow/dags/sftp_sync_dag.py","lineno":13,"logger":"py.warnings"}
{"timestamp":"2026-03-04T08:59:22.349875Z","level":"warning","event":"The `airflow.utils.trigger_rule.TriggerRule` attribute is deprecated. Please use `'airflow.task.trigger_rule.TriggerRule'`.","category":"DeprecatedImportWarning","filename":"/opt/airflow/dags/sftp_sync_dag.py","lineno":15,"logger":"py.warnings"}
